============================================================
Phase 18: m-convergence with correct A/B decomposition
N2/cc-pVDZ CAS(10,10) P=400 m=0..3
Date: Fri Jul  3 04:42:06 2026
============================================================

Building N2/cc-pVDZ CAS(10,10)...
  Active: 5a + 5b electrons in 10 orbitals
  M = 63,504 determinants

Computing DMRG-CI reference...
  DMRG-CI E0 = -61.10859778 Ha

Selecting P=400 via HF perturbation...
  N = 400 determinants
  E0(P)   = -61.02030830 Ha
  Delta   = -0.08828948 Ha (-88.289 mH)
  P-only dE0 = +88.289 mH

Running Krylov-dCI layers m=0..3...
  m=0: d=399 layers=[399], dE0=+15.048 mH, wall=23s
  m=1: d=798 layers=[399, 798], dE0=-2500701.306 mH, wall=106s
  m=2: d=1197 layers=[399, 798, 1197], dE0=-6126273.389 mH, wall=282s
  m=3: d=1596 layers=[399, 798, 1197, 1596], dE0=-115825349.356 mH, wall=714s

============================================================
Results: New (delta != 0, B = H_O' - Delta*I)
------------------------------------------------------------
  m   d_basis              d_layers      dE0/mH    wall/s
------------------------------------------------------------
  0       399                 [399]     +15.048      22.9
  1       798            [399, 798]  -2500701.306     105.8
  2      1197      [399, 798, 1197]  -6126273.389     281.5
  3      1596  [399, 798, 1197, 1596]  -115825349.356     714.0

============================================================
Comparison: New vs Old (Stage C, delta=0)
------------------------------------------------------------
  m    New dE0/mH    Old dE0/mH     Diff/mH
------------------------------------------------------------
  0       +15.048        -0.689     +15.737
  1  -2500701.306        +5.309  -2500706.615
  2  -6126273.389        +3.451  -6126276.840
  3  -115825349.356        +3.357  -115825352.713

Results saved to /data/home/wangcx/krylov-dci/checkpoints_phase18/P0400_delta_exact.json
Total wall: 1140s
