=== Phase 15: Parallel Krylov-dCI (N2, CAS(10,10)) ===
Date: Thu Jul  2 04:43:01 AM EDT 2026
Node: amd-cpu

Phase 15: Parallel Krylov-dCI
  N2 cc-pVDZ CAS(10,10) P=200

  FCI E₀ = -109.04823164 Ha  M = 63,504

  P = 200 dets

──────────────────────────────────────────────────────────────────────
Worker scan
──────────────────────────────────────────────────────────────────────
          w= 1: H_QP=1.2s  MGS=3.3s  proj=1.5s  effH=0.1s  total=6.1s  d=200  E₀=-31.60875147
          w= 2: H_QP=1.4s  MGS=3.3s  proj=1.5s  effH=0.0s  total=6.2s  d=200  E₀=-31.60875147
          w= 4: H_QP=1.4s  MGS=3.2s  proj=1.2s  effH=0.0s  total=5.8s  d=200  E₀=-31.60875147
          w= 8: H_QP=1.5s  MGS=3.2s  proj=1.1s  effH=0.1s  total=5.9s  d=200  E₀=-31.60875147
          w=16: H_QP=1.4s  MGS=3.2s  proj=0.9s  effH=0.0s  total=5.5s  d=200  E₀=-31.60875147
          w=32: H_QP=19.6s  MGS=3.3s  proj=0.9s  effH=0.0s  total=23.8s  d=200  E₀=-31.60875147

──────────────────────────────────────────────────────────────────────
Speedup summary (vs serial projection)
──────────────────────────────────────────────────────────────────────
  workers= 1: proj=1.5s  speedup=1.0×  ██
  workers= 2: proj=1.5s  speedup=1.0×  █
  workers= 4: proj=1.2s  speedup=1.2×  ██
  workers= 8: proj=1.1s  speedup=1.3×  ██
  workers=16: proj=0.9s  speedup=1.5×  ███
  workers=32: proj=0.9s  speedup=1.6×  ███

  Total wall: 58s

Done at Thu Jul  2 04:43:59 AM EDT 2026
