================================================================================
Phase 8: Krylov-dCI — FCI Ref, Full-CAS Q, On-the-fly σ-vector
================================================================================
System:      N₂/cc-pVDZ, R=1.1 Å
CAS:         (12,10) — 2 frozen core orbitals
FCI space:   C(12,5)² = 792² determinants
P target:    500
SVD θ:       0.001
Level shift: 0.3 Ha
Krylov:      m = 0..3
Parallel:    32 workers
================================================================================


────────────────────────────────────────────────────────────
1. FCI Reference
────────────────────────────────────────────────────────────
  S0: -109.07670639 Ha  (active: -62.23403636,  gap: 0.0 mH)
  S1: -108.34825111 Ha  (active: -61.50558108,  gap: 728.5 mH)
  S2: -108.34825111 Ha  (active: -61.50558108,  gap: 728.5 mH)
  S3: -108.31211790 Ha  (active: -61.46944787,  gap: 764.6 mH)
  S4: -108.27015593 Ha  (active: -61.42748591,  gap: 806.6 mH)
  S5: -108.26993063 Ha  (active: -61.42726061,  gap: 806.8 mH)
  FCI done in 249.5s

────────────────────────────────────────────────────────────
2. Q-space: 792α × 792β = 627,264 determinants
────────────────────────────────────────────────────────────

────────────────────────────────────────────────────────────
3. P-space Compression
────────────────────────────────────────────────────────────
  P = 500 determinants (retained 97.56% of wfn weight)
  M/N = 1255:1  ← SVD compression regime

  H_PP(500×500) built in 0.4s
  E0(P) = -62.12492304 Ha  (Δ = E0(P)-E(FCI) = 109.1 mH)

────────────────────────────────────────────────────────────
4. H_QP Construction (32 workers)
────────────────────────────────────────────────────────────
  H_QP(627264×500) built in 7.7s, 138310 nnz

────────────────────────────────────────────────────────────
5. Krylov-dCI Iteration
────────────────────────────────────────────────────────────
    m  d_basis  d_layer     ΔE₀(mH)      t(s)
  ───  ───────  ───────  ──────────  ────────
slurmstepd: error: *** JOB 14892 ON amd-cpu CANCELLED AT 2026-06-30T03:57:52 ***
