=== Phase 14: Dense Krylov-dCI (N2, CAS(10,10)) ===
Date: Thu Jul  2 03:52:16 AM EDT 2026
Node: amd-cpu

Phase 14: Dense Krylov-dCI (PySCF C-level backend)
  System: N2  cc-pVDZ  CAS(10,10)
  P = 200  nroots = 6

  Q-space: M = 63,504 (252 α × 252 β) [0.0s]
  FCI E₀ = -109.04823164 Ha [7.1s]
  P = 200 dets  E₀(P)−E(FCI) = +5.0 mH [0.1s]

────────────────────────────────────────────────────────────
Dense Krylov-dCI (m=0) — PySCF C-level backend
────────────────────────────────────────────────────────────
  [1/4] H_QP via sigma_full (contract_2e + contract_1e)...
    H_QP 20/200 (0s, ETA 1s)
    H_QP 40/200 (0s, ETA 1s)
    H_QP 60/200 (0s, ETA 1s)
    H_QP 80/200 (1s, ETA 1s)
    H_QP 100/200 (1s, ETA 1s)
    H_QP 120/200 (1s, ETA 0s)
    H_QP 140/200 (1s, ETA 0s)
    H_QP 160/200 (1s, ETA 0s)
    H_QP 180/200 (1s, ETA 0s)
    H_QP 200/200 (1s, ETA 0s)
    H_QP done: (63504, 200) in 1s (0.01s/col)
    H_QP (63504,200) done in 1s
  [2/4] MGS on A-weighted H_QP...
    MGS: 200 cols × 63504 rows...
    MGS: 200 → 200 vectors in 3s
    Basis (63504,200) done in 3s
  [3/4] Projected Hamiltonian blocks...
    Projecting 200 basis vectors...
      basis 40/200 (10s)
      basis 80/200 (16s)
      basis 120/200 (21s)
      basis 160/200 (26s)
      basis 200/200 (32s)
    Projection done in 32s (0.16s/vector)
    H_QQ_tilde (200,200)  H_PQ_tilde (200,200)  in 32s
  [4/4] Effective Hamiltonian...

  Krylov-dCI wall: 36s (1s H_QP, 3s MGS, 32s proj, 0.0s effH)

────────────────────────────────────────────────────────────
Results
────────────────────────────────────────────────────────────
   State         E(FCI)/Ha        E(kDCI)/Ha       Δ(mH)
       0     -109.04823164     -109.04807885       +0.15
       1     -108.75059301     -108.44134677     +309.25
       2     -108.73420109     -108.36950551     +364.70
       3     -108.73118608     -108.36921516     +361.97
       4     -108.70463091     -108.36909120     +335.54
       5     -108.70420891     -108.31936781     +384.84

  Total wall: 43s  d = 200 (from N = 200)
  Memory: ~204 MB (vec + basis + H_QP)

────────────────────────────────────────────────────────────
Benchmark: Phase 14 (Dense) vs Phase 13 (Sparse)
────────────────────────────────────────────────────────────
slurmstepd: error: *** JOB 15025 ON amd-cpu CANCELLED AT 2026-07-02T04:42:59 ***
