================================================================================
Phase 10: Stage A — m-Convergence, DMRG-CI Ref, CAS(10,10)
================================================================================
System:  N₂/cc-pVDZ, R=1.1 Å, 3 frozen
CAS:     (10,10), 252² = 63,504 dets
P:       200 (from FCI compression)
DMRG:    maxM=500
SVD:     economy, θ=0.001
Krylov:  m=0..3
================================================================================

────────────────────────────────────────────────────────────
1. DMRG-CI Reference (maxM=500, nroots=6)
────────────────────────────────────────────────────────────
  DMRG-CI E0 = -109.04823164 Ha  (66.7s)

────────────────────────────────────────────────────────────
2. FCI Reference (6 roots)
────────────────────────────────────────────────────────────
   State       E(total)/Ha      Gap/mH
       0     -109.04823164         0.0
       1     -109.01465300        33.6
       2     -109.01465300        33.6
       3     -108.99000535        58.2
       4     -108.32926143       719.0
       5     -108.27964662       768.6
  DMRG−FCI diff: 0.000 mH  (8.1s)

  P=200 (retained 96.53% wfn), Q=63,504, M/N=318
  E₀(P) = -57.91835093, Δ = E₀(P)−E(FCI) = 146.3 mH

────────────────────────────────────────────────────────────
3. H_QP — scipy sparse (16 workers)
────────────────────────────────────────────────────────────
  H_QP(63504×200): 27542 nnz, 1.2s

────────────────────────────────────────────────────────────
4. H_QQ sparse adjacency
────────────────────────────────────────────────────────────
  H_QQ: 6776512 edges, 265.7s

────────────────────────────────────────────────────────────
5. Krylov-dCI Iteration
────────────────────────────────────────────────────────────
    m  d_basis  d_layer         ΔE₀      t(s)  Excited state errors
  ───  ───────  ───────  ──────────  ────────  ────────────────────────────────────────────────────────────
    0      200      200      +133.9    1005.9  
    1      400      200      +129.2    2996.4  
    2      600      200      +127.5    4031.8  
    3      800      200      +130.0    5039.2  

================================================================================
FINAL REPORT — Phase 10 (Stage A: m-Convergence)
================================================================================

  Convergence summary:
    m  d_basis  d_layer     ΔE₀(mH)
    0      200      200      +133.9
    1      400      200      +129.2
    2      600      200      +127.5
    3      800      200      +130.0

  State energies (total, Ha):
   St            E(FCI)           E(kDCI)       Δ(mH)    Gap(FCI)
    0     -109.04823164     -108.91822661      +130.0         0.0

  DMRG-CI E₀:    -109.04823164 Ha  (66.7s)
  FCI E₀:         -109.04823164 Ha  (8.1s)
  kDCI E₀ (final): -108.91822661 Ha
  Δ vs FCI:        130.0 mH
  P-space:         200 dets  |  Q-space: 63,504 dets  |  M/N: 318
  Krylov layers:   4  |  Final basis: 800
  Total wall:      13416.4s (223.6 min)

================================================================================
Phase 10 complete.
================================================================================
