=== Phase 17: CAS Scaling Benchmark ===
Date: Thu Jul  2 07:33:01 AM EDT 2026  Node: amd-cpu
Free memory: 408Gi

Phase 17: CAS Scaling Benchmark — N₂/cc-pVDZ
  P = 200, nroots = 3


============================================================
CAS(10,10) — N₂/cc-pVDZ
============================================================
  M = 63,504 (252 α × 252 β), n_core = 9
  FCI E₀ = -109.0482316439 Ha (11s)
  P = 200 dets (0.1s)
  E₀(P) − E(FCI) = +5.0 mH

  KDCI wall: 48s (basis=45s, proj=3s)
  d = 200  avg_nnz = 3949
  Memory: ~70 MB (basis) + ~0.5 MB (temp)
   State         E(ref)/Ha        E(kDCI)/Ha       Δ(mH)
       0     -109.04823164     -109.04807888       +0.15
       1     -108.75059301     -108.44134667     +309.25
       2     -108.73400854     -108.36950228     +364.51
  Total wall: 59s

============================================================
CAS(12,12) — N₂/cc-pVDZ
============================================================
  M = 853,776 (924 α × 924 β), n_core = 8
  FCI E₀ = -109.0596092031 Ha (10s)
  P = 200 dets (0.2s)
  E₀(P) − E(FCI) = +6.1 mH

  KDCI wall: 210s (basis=166s, proj=43s)
  d = 200  avg_nnz = 13959
  Memory: ~246 MB (basis) + ~6.8 MB (temp)
   State         E(ref)/Ha        E(kDCI)/Ha       Δ(mH)
       0     -109.05960920     -109.05941251       +0.20
       1     -108.76037404     -108.44844399     +311.93
       2     -108.71402842     -108.37622164     +337.81
  Total wall: 220s

============================================================
CAS(14,14) — N₂/cc-pVDZ
============================================================
  M = 11,778,624 (3,432 α × 3,432 β), n_core = 7
  FCI not feasible (M=11,778,624 > 1,000,000)
  P = 200 dets (0.4s)

  KDCI wall: 1070s (basis=701s, proj=368s)
  d = 200  avg_nnz = 35621
  Memory: ~627 MB (basis) + ~94.2 MB (temp)
  E₀(kDCI) = -109.0769198177 Ha
  Total wall: 1071s

================================================================================
Summary
================================================================================
         CAS             M       d     Basis      Proj     Total      Memory   avg_nnz     ΔE₀(mH)
  ----------  ------------  ------  --------  --------  --------  ----------  --------  ----------
  (10,10)        63,504     200       45s        3s       48s         70 MB      3949            
  (12,12)       853,776     200      166s       43s      210s        253 MB     13959            
  (14,14)    11,778,624     200      701s      368s     1070s        721 MB     35621            

  Node: amd-cpu
  Total wall: 1350s

Done at Thu Jul  2 07:55:31 AM EDT 2026
