=== Phase 16 v2: Optimized Matrix-Free N2 CAS(10,10) ===
Date: Thu Jul  2 06:10:21 AM EDT 2026  Node: amd-cpu

Phase 16: Matrix-Free Krylov-dCI
  N2 cc-pVDZ CAS(10,10) P=200  nroots=6

  FCI E₀ = -109.04823164 Ha  M = 63,504

  P = 200 dets  E₀(P)−E(FCI) = +5.0 mH

────────────────────────────────────────────────────────────
Matrix-Free Krylov-dCI (m=0)
────────────────────────────────────────────────────────────
  [1/3] Building basis via streaming MGS...
    Streaming MGS: 200 columns → basis...
      col 40/200, basis=40 (1s)
      col 80/200, basis=80 (5s)
      col 120/200, basis=120 (14s)
      col 160/200, basis=160 (27s)
      col 200/200, basis=200 (45s)
    Streaming MGS: 200 → 200 vectors, 785136 total nnz, 45s
    Basis: 200 → 200 vectors, 785136 nnz, 45s
  [2/3] Sparse projected Hamiltonian blocks...
    Projecting 200 basis vectors (sparse, indexed)...
      basis 40/200 (0s)
      basis 80/200 (1s)
      basis 120/200 (1s)
      basis 160/200 (2s)
      basis 200/200 (2s)
    Sparse projection done in 2s (0.01s/vector)
    H_QQ_tilde (200,200)  H_PQ_tilde (200,200)  3s
  [3/3] Effective Hamiltonian...

  Matrix-free wall: 48s (45s basis, 3s proj, 0.0s effH)

────────────────────────────────────────────────────────────
Results
────────────────────────────────────────────────────────────
   State         E(FCI)/Ha        E(kDCI)/Ha       Δ(mH)
       0     -109.04823164     -109.04807871       +0.15
       1     -108.75059301     -108.44134691     +309.25
       2     -108.73420109     -108.36950830     +364.69
       3     -108.73118608     -108.36921556     +361.97
       4     -108.70463091     -108.36908828     +335.54
       5     -108.70420891     -108.31936550     +384.84

  Memory estimate: ~69 MB (basis) + ~0.5 MB (temp)
  Total wall: 52s

────────────────────────────────────────────────────────────
Dense comparison (Phase 15)
────────────────────────────────────────────────────────────
  Dense wall: 6s  d=200
  Sparse wall: 48s  d=200
   State         Sparse/Ha          Dense/Ha     diff/nH
       0     -109.04807871     -109.04807871         0.0
       1     -108.44134691     -108.44134691         0.0
       2     -108.36950830     -108.36950830         0.0
       3     -108.36921556     -108.36921556         0.0
       4     -108.36908828     -108.36908828         0.0
       5     -108.31936550     -108.31936550         0.0

Done at Thu Jul  2 06:11:19 AM EDT 2026
