======================================================================
Phase 11 Stage B: P-Convergence
  P=200  m_max=3  nroots=6
  N₂/cc-pVDZ CAS(10,10) R=1.1 Å
======================================================================
FCI reference (CAS(10,10), nroots=6)...
  Done (2s)
  FCI E₀ = -109.04823164 Ha
  FCI E1 = -108.75059301 Ha  (297.6 mH)
  FCI E2 = -108.73420109 Ha  (314.0 mH)
  FCI E3 = -108.73118608 Ha  (317.0 mH)
  FCI E4 = -108.70463091 Ha  (343.6 mH)
  FCI E5 = -108.70420891 Ha  (344.0 mH)
  P=200 dets (99.9% wfn weight)
  Building Hamiltonian blocks...
  H_PP 200×200, H_QQ 6304498 edges, H_QP 38056 nnz (308s)

──────────────────────────────────────────────────────────────────────
P= 200  M=63,504  M/N=318  E₀(P)−E(FCI)=-23832.3 mH
──────────────────────────────────────────────────────────────────────
    m  d_basis  d_layer     ΔE₀(mH)      t(s)  Excited state Δ (mH)
  ───  ───────  ───────  ──────────  ────────
    0      200      200    -35903.7    1454.3  S1:-33764  S2:-28333  S3:-27589  S4:-25786  S5:-25695
