======================================================================
Phase 11 Stage B  P=100  m_max=3  nroots=6  nproc=4
  N₂/cc-pVDZ CAS(10,10) R=1.1 Å
======================================================================
Loading global FCI + H_QQ from cache...
  P=100 dets (99.8% wfn weight)
  Building H_PP and H_QP...
  H_QP: 100 P-dets × 4 workers (4 chunks)...
  H_QP: 20245 nnz (1s)

──────────────────────────────────────────────────────────────────────
P= 100  M=63,504  M/N=635  E₀(P)−E(FCI)=-23836.6 mH
──────────────────────────────────────────────────────────────────────
    m  d_basis  d_layer     ΔE₀(mH)      t(s)  Excited state Δ (mH)
  ───  ───────  ───────  ──────────  ────────  ───────────────────────────────────────────────────────
    0      100      100    -26145.0       2.7  S1:-26174  S2:-25714  S3:-25578  S4:-25560  S5:-24810
    1      200      100    -24076.5       6.1  S1:-24351  S2:-23605  S3:-23568  S4:-23227  S5:-23007
    2      300      100    -24078.5       9.1  S1:-24354  S2:-23621  S3:-23596  S4:-23228  S5:-23010
    3      400      100    -24079.7      11.9  S1:-24355  S2:-23622  S3:-23596  S4:-23229  S5:-23011

──────────────────────────────────────────────────────────────────────
P=100 Summary
──────────────────────────────────────────────────────────────────────
    m  d_basis     ΔE₀(mH)
    0      100    -26145.0
    1      200    -24076.5
    2      300    -24078.5
    3      400    -24079.7

  State energies (total, Ha):
   St            E(FCI)           E(kDCI)       Δ(mH)
    0     -109.04823164     -133.12796037    -24079.7
    1     -108.75059301     -133.10524894    -24354.7
    2     -108.73420109     -132.35579230    -23621.6
    3     -108.73118608     -132.32756690    -23596.4
    4     -108.70463091     -131.93359793    -23229.0
    5     -108.70420891     -131.71504197    -23010.8

======================================================================
Done. 48s
======================================================================
