======================================================================
Phase 11 Stage B  P=100  m_max=3  nroots=6  nproc=4
  N₂/cc-pVDZ CAS(10,10) R=1.1 Å
======================================================================
Loading global FCI + H_QQ from cache...
  P=100 dets (99.8% wfn weight)
  Building H_PP and H_QP...
  H_QP: 100 P-dets × 4 workers (4 chunks)...
  H_QP: 19813 nnz (1s)

──────────────────────────────────────────────────────────────────────
P= 100  M=63,504  M/N=635  E₀(P)−E(FCI)=-23829.6 mH
──────────────────────────────────────────────────────────────────────
    m  d_basis  d_layer     ΔE₀(mH)      t(s)  Excited state Δ (mH)
  ───  ───────  ───────  ──────────  ────────  ───────────────────────────────────────────────────────
    0      100      100    -58200.6       2.6  S1:-25678  S2:-25661  S3:-25457  S4:-25327  S5:-25177
    1      200      100    -24070.0       5.9  S1:-24351  S2:-23680  S3:-23448  S4:-23227  S5:-23011
    2      300      100    -24072.1       9.1  S1:-24354  S2:-23689  S3:-23475  S4:-23227  S5:-23013
    3      400      100    -24073.3      11.8  S1:-24355  S2:-23689  S3:-23475  S4:-23229  S5:-23014

──────────────────────────────────────────────────────────────────────
P=100 Summary
──────────────────────────────────────────────────────────────────────
    m  d_basis     ΔE₀(mH)
    0      100    -58200.6
    1      200    -24070.0
    2      300    -24072.1
    3      400    -24073.3

  State energies (total, Ha):
   St            E(FCI)           E(kDCI)       Δ(mH)
    0     -109.04823164     -133.12156602    -24073.3
    1     -108.75059301     -133.10553712    -24354.9
    2     -108.73420109     -132.42338561    -23689.2
    3     -108.73118608     -132.20638672    -23475.2
    4     -108.70463091     -131.93342755    -23228.8
    5     -108.70420891     -131.71821250    -23014.0

======================================================================
Done. 48s
======================================================================
