======================================================================
Phase 11 Stage B  P=5  m_max=0  nroots=6  nproc=8
  N₂/cc-pVDZ CAS(10,10) R=1.1 Å
======================================================================
Loading FCI from cache...
  FCI E₀ = -109.04823164 Ha (cached)
Building H_QQ adjacency (63,504 dets)...
  8 workers, 9 chunks...
  H_QQ: 6,392,022 upper edges, 12,847,548 total nnz (59s)
  Loading P-blocks from cache...

──────────────────────────────────────────────────────────────────────
P=   5  M=63,504  M/N=12701  E₀(P)−E(FCI)=-23830.8 mH
──────────────────────────────────────────────────────────────────────
    m  d_basis  d_layer     ΔE₀(mH)      t(s)  Excited state Δ (mH)
  ───  ───────  ───────  ──────────  ────────  ───────────────────────────────────────────────────────
    0        5        5    -29090.7       0.1  S1:-28766  S2:-24403  S3:-23535  S4:-20440

──────────────────────────────────────────────────────────────────────
P=5 Summary
──────────────────────────────────────────────────────────────────────
    m  d_basis     ΔE₀(mH)
    0        5    -29090.7

  State energies (total, Ha):
   St            E(FCI)           E(kDCI)       Δ(mH)
    0     -109.04823164     -138.13896937    -29090.7
    1     -108.75059301     -137.51665142    -28766.1
    2     -108.73420109     -133.13718058    -24403.0
    3     -108.73118608     -132.26631778    -23535.1
    4     -108.70463091     -129.14475494    -20440.1

======================================================================
Done. 66s
======================================================================
