======================================================================
Phase 11 Stage B  P=100  m_max=3  nroots=6  nproc=4
  N₂/cc-pVDZ CAS(10,10) R=1.1 Å
======================================================================
Loading global FCI + H_QQ from cache...
  P=100 dets (99.8% wfn weight)
  Building H_PP and H_QP...
  H_QP: 100 P-dets × 4 workers (4 chunks)...
  H_QP: 19105 nnz (1s)

──────────────────────────────────────────────────────────────────────
P= 100  M=63,504  M/N=635  E₀(P)−E(FCI)=+7.3 mH
──────────────────────────────────────────────────────────────────────
    m  d_basis  d_layer     ΔE₀(mH)      t(s)  Excited state Δ (mH)
  ───  ───────  ───────  ──────────  ────────  ───────────────────────────────────────────────────────
    0      100      100       -11.7       2.6  S1:+305  S2:+358  S3:+358  S4:+332  S5:+376
    1      200      100       -13.7       6.0  S1:+303  S2:+356  S3:+357  S4:+331  S5:+370
    2      300      100       -13.9       9.1  S1:+303  S2:+356  S3:+357  S4:+331  S5:+369
    3      400      100       -13.9      12.0  S1:+303  S2:+356  S3:+357  S4:+331  S5:+369

──────────────────────────────────────────────────────────────────────
P=100 Summary
──────────────────────────────────────────────────────────────────────
    m  d_basis     ΔE₀(mH)
    0      100       -11.7
    1      200       -13.7
    2      300       -13.9
    3      400       -13.9

  State energies (total, Ha):
   St            E(FCI)           E(kDCI)       Δ(mH)
    0     -109.04823164     -109.06215729       -13.9
    1     -108.75059301     -108.44802753      +302.6
    2     -108.73420109     -108.37800713      +356.2
    3     -108.73118608     -108.37458649      +356.6
    4     -108.70463091     -108.37409302      +330.5
    5     -108.70420891     -108.33502174      +369.2

======================================================================
Done. 44s
======================================================================
