======================================================================
Phase 11 Stage B  P=50  m_max=3  nroots=6  nproc=4
  N₂/cc-pVDZ CAS(10,10) R=1.1 Å
======================================================================
Loading global FCI + H_QQ from cache...
  Loading P-blocks from cache...

──────────────────────────────────────────────────────────────────────
P=  50  M=63,504  M/N=1270  E₀(P)−E(FCI)=-23835.7 mH
──────────────────────────────────────────────────────────────────────
    m  d_basis  d_layer     ΔE₀(mH)      t(s)  Excited state Δ (mH)
  ───  ───────  ───────  ──────────  ────────  ───────────────────────────────────────────────────────
    0       50       50    -25611.5       0.9  S1:-25593  S2:-25466  S3:-25336  S4:-24724  S5:-24679  [cached]
    1      100       50    -24074.7       2.2  S1:-24343  S2:-23601  S3:-23559  S4:-23003  S5:-23001  [cached]
    2      150       50    -24078.1       3.1  S1:-24347  S2:-23621  S3:-23596  S4:-23013  S5:-23005  [cached]
    3      200       50    -24079.5       3.9  S1:-24348  S2:-23621  S3:-23596  S4:-23013  S5:-23005  [cached]

──────────────────────────────────────────────────────────────────────
P=50 Summary
──────────────────────────────────────────────────────────────────────
    m  d_basis     ΔE₀(mH)
    0       50    -25611.5
    1      100    -24074.7
    2      150    -24078.1
    3      200    -24079.5

  State energies (total, Ha):
   St            E(FCI)           E(kDCI)       Δ(mH)
    0     -109.04823164     -133.12769078    -24079.5
    1     -108.75059301     -133.09857971    -24348.0
    2     -108.73420109     -132.35565147    -23621.5
    3     -108.73118608     -132.32725311    -23596.1
    4     -108.70463091     -131.71756118    -23012.9
    5     -108.70420891     -131.70958648    -23005.4

======================================================================
Done. 2s
======================================================================
