======================================================================
Phase 11 Stage B  P=200  m_max=3  nroots=6  nproc=4
  N₂/cc-pVDZ CAS(10,10) R=1.1 Å
======================================================================
Loading global FCI + H_QQ from cache...
  P=200 dets (99.9% wfn weight)
  Building H_PP and H_QP...
  H_QP: 200 P-dets × 4 workers (4 chunks)...
  H_QP: 37854 nnz (1s)

──────────────────────────────────────────────────────────────────────
P= 200  M=63,504  M/N=318  E₀(P)−E(FCI)=+4.6 mH
──────────────────────────────────────────────────────────────────────
    m  d_basis  d_layer     ΔE₀(mH)      t(s)  Excited state Δ (mH)
  ───  ───────  ───────  ──────────  ────────  ───────────────────────────────────────────────────────
    0      200      200        -9.5       7.1  S1:+303  S2:+334  S3:+349  S4:+331  S5:+331
    1      400      200       -10.7      18.9  S1:+301  S2:+330  S3:+346  S4:+330  S5:+330
    2      600      200       -10.8      32.5  S1:+301  S2:+329  S3:+345  S4:+330  S5:+330
    3      800      200       -10.8      39.7  S1:+301  S2:+329  S3:+345  S4:+330  S5:+330

──────────────────────────────────────────────────────────────────────
P=200 Summary
──────────────────────────────────────────────────────────────────────
    m  d_basis     ΔE₀(mH)
    0      200        -9.5
    1      400       -10.7
    2      600       -10.8
    3      800       -10.8

  State energies (total, Ha):
   St            E(FCI)           E(kDCI)       Δ(mH)
    0     -109.04823164     -109.05905896       -10.8
    1     -108.75059301     -108.44948010      +301.1
    2     -108.73420109     -108.40521855      +329.0
    3     -108.73118608     -108.38597726      +345.2
    4     -108.70463091     -108.37480124      +329.8
    5     -108.70420891     -108.37407079      +330.1

======================================================================
Done. 126s
======================================================================
