======================================================================
Phase 11 Stage B  P=100  m_max=3  nroots=6  nproc=4
  N₂/cc-pVDZ CAS(10,10) R=1.1 Å
======================================================================
Loading global FCI + H_QQ from cache...
  P=100 dets (99.8% wfn weight)
  Building H_PP and H_QP...
  H_QP: 100 P-dets × 4 workers (4 chunks)...
  H_QP: 19045 nnz (1s)

──────────────────────────────────────────────────────────────────────
P= 100  M=63,504  M/N=635  E₀(P)−E(FCI)=+8.2 mH
──────────────────────────────────────────────────────────────────────
    m  d_basis  d_layer     ΔE₀(mH)      t(s)  Excited state Δ (mH)
  ───  ───────  ───────  ──────────  ────────  ───────────────────────────────────────────────────────
    0      100      100       -11.3       2.6  S1:+305  S2:+358  S3:+358  S4:+332  S5:+376
    1      200      100       -13.2       6.1  S1:+303  S2:+356  S3:+357  S4:+331  S5:+370
    2      300      100       -13.4       9.2  S1:+303  S2:+356  S3:+357  S4:+331  S5:+370
    3      400      100       -13.5      12.0  S1:+302  S2:+356  S3:+357  S4:+331  S5:+370

──────────────────────────────────────────────────────────────────────
P=100 Summary
──────────────────────────────────────────────────────────────────────
    m  d_basis     ΔE₀(mH)
    0      100       -11.3
    1      200       -13.2
    2      300       -13.4
    3      400       -13.5

  State energies (total, Ha):
   St            E(FCI)           E(kDCI)       Δ(mH)
    0     -109.04823164     -109.06176106       -13.5
    1     -108.75059301     -108.44809326      +302.5
    2     -108.73420109     -108.37793570      +356.3
    3     -108.73118608     -108.37449683      +356.7
    4     -108.70463091     -108.37409853      +330.5
    5     -108.70420891     -108.33461169      +369.6

======================================================================
Done. 44s
======================================================================
