======================================================================
Phase 11 Stage B  P=1000  m_max=3  nroots=6  nproc=4
  N₂/cc-pVDZ CAS(10,10) R=1.1 Å
======================================================================
Loading global FCI + H_QQ from cache...
  Loading P-blocks from cache...

──────────────────────────────────────────────────────────────────────
P=1000  M=63,504  M/N=64  E₀(P)−E(FCI)=-24876.5 mH
──────────────────────────────────────────────────────────────────────
    m  d_basis  d_layer     ΔE₀(mH)      t(s)  Excited state Δ (mH)
  ───  ───────  ───────  ──────────  ────────  ───────────────────────────────────────────────────────
    0     1000     1000    -25030.3     157.2  S1:-25018  S2:-24924  S3:-24895  S4:-24606  S5:-24557
    1     2000     1000    -24954.5     529.4  S1:-24886  S2:-24790  S3:-24761  S4:-24537  S5:-24488
    2     3000     1000    -24954.5     811.5  S1:-24886  S2:-24790  S3:-24761  S4:-24537  S5:-24488
    3     4000     1000    -24954.5     836.6  S1:-24886  S2:-24790  S3:-24761  S4:-24537  S5:-24488

──────────────────────────────────────────────────────────────────────
P=1000 Summary
──────────────────────────────────────────────────────────────────────
    m  d_basis     ΔE₀(mH)
    0     1000    -25030.3
    1     2000    -24954.5
    2     3000    -24954.5
    3     4000    -24954.5

  State energies (total, Ha):
   St            E(FCI)           E(kDCI)       Δ(mH)
    0     -109.04823164     -134.00276106    -24954.5
    1     -108.75059301     -133.63673423    -24886.1
    2     -108.73420109     -133.52401591    -24789.8
    3     -108.73118608     -133.49257300    -24761.4
    4     -108.70463091     -133.24193516    -24537.3
    5     -108.70420891     -133.19191863    -24487.7

======================================================================
Done. 2554s
======================================================================
