======================================================================
Phase 11 Stage B  P=5  m_max=1  nroots=6  nproc=4
  N₂/cc-pVDZ CAS(10,10) R=1.1 Å
======================================================================
Loading FCI from cache...
  FCI E₀ = -109.04823164 Ha (cached)
Building H_QQ adjacency (63,504 dets)...
  4 workers, 4 chunks...
  H_QQ: 6,256,984 upper edges, 12,577,472 total nnz (107s)
  P=5 dets (95.2% wfn weight)
  Building H_PP and H_QP...
  H_QP: 5 P-dets × 4 workers (5 chunks)...
  H_QP: 979 nnz (1s)

──────────────────────────────────────────────────────────────────────
P=   5  M=63,504  M/N=12701  E₀(P)−E(FCI)=+48.7 mH
──────────────────────────────────────────────────────────────────────
    m  d_basis  d_layer     ΔE₀(mH)      t(s)  Excited state Δ (mH)
  ───  ───────  ───────  ──────────  ────────  ───────────────────────────────────────────────────────
    0        5        5        +0.6       0.1  S1:+340  S2:+505  S3:+606  S4:+697
    1       10        5        -7.9       0.1  S1:+305  S2:+495  S3:+600  S4:+629

──────────────────────────────────────────────────────────────────────
P=5 Summary
──────────────────────────────────────────────────────────────────────
    m  d_basis     ΔE₀(mH)
    0        5        +0.6
    1       10        -7.9

  State energies (total, Ha):
   St            E(FCI)           E(kDCI)       Δ(mH)
    0     -109.04823164     -109.05614525        -7.9
    1     -108.75059301     -108.44573510      +304.9
    2     -108.73420109     -108.23968846      +494.5
    3     -108.73118608     -108.13109828      +600.1
    4     -108.70463091     -108.07527774      +629.4

======================================================================
Done. 115s
======================================================================
