======================================================================
Phase 11 Stage B  P=50  m_max=3  nroots=6  nproc=4
  N₂/cc-pVDZ CAS(10,10) R=1.1 Å
======================================================================
Loading global FCI + H_QQ from cache...
  P=50 dets (99.5% wfn weight)
  Building H_PP and H_QP...
  H_QP: 50 P-dets × 4 workers (5 chunks)...
  H_QP: 9576 nnz (1s)

──────────────────────────────────────────────────────────────────────
P=  50  M=63,504  M/N=1270  E₀(P)−E(FCI)=+13.4 mH
──────────────────────────────────────────────────────────────────────
    m  d_basis  d_layer     ΔE₀(mH)      t(s)  Excited state Δ (mH)
  ───  ───────  ───────  ──────────  ────────  ───────────────────────────────────────────────────────
    0       50       50       -45.9       0.8  S1:-7  S2:+315  S3:+352  S4:+331  S5:+348
    1      100       50       -62.9       2.1  S1:-52  S2:+311  S3:+349  S4:+330  S5:+344
    2      150       50       -63.9       3.2  S1:-55  S2:+310  S3:+349  S4:+329  S5:+344
    3      200       50       -64.7       4.1  S1:-58  S2:+310  S3:+349  S4:+329  S5:+343

──────────────────────────────────────────────────────────────────────
P=50 Summary
──────────────────────────────────────────────────────────────────────
    m  d_basis     ΔE₀(mH)
    0       50       -45.9
    1      100       -62.9
    2      150       -63.9
    3      200       -64.7

  State energies (total, Ha):
   St            E(FCI)           E(kDCI)       Δ(mH)
    0     -109.04823164     -109.11296769       -64.7
    1     -108.75059301     -108.80827442       -57.7
    2     -108.73420109     -108.42431575      +309.9
    3     -108.73118608     -108.38242790      +348.8
    4     -108.70463091     -108.37522724      +329.4
    5     -108.70420891     -108.36072233      +343.5

======================================================================
Done. 18s
======================================================================
