======================================================================
Phase 11 Stage B  P=400  m_max=3  nroots=6  nproc=4
  N₂/cc-pVDZ CAS(10,10) R=1.1 Å
======================================================================
Loading global FCI + H_QQ from cache...
  P=400 dets (100.0% wfn weight)
  Building H_PP and H_QP...
  H_QP: 400 P-dets × 4 workers (4 chunks)...
  H_QP: 74665 nnz (2s)

──────────────────────────────────────────────────────────────────────
P= 400  M=63,504  M/N=159  E₀(P)−E(FCI)=+2.9 mH
──────────────────────────────────────────────────────────────────────
    m  d_basis  d_layer     ΔE₀(mH)      t(s)  Excited state Δ (mH)
  ───  ───────  ───────  ──────────  ────────  ───────────────────────────────────────────────────────
    0      400      400        -6.6      34.3  S1:+296  S2:+323  S3:+339  S4:+326  S5:+328
    1      800      400        -7.1      95.2  S1:+295  S2:+320  S3:+338  S4:+325  S5:+327
    2     1200      400        -7.1     261.1  S1:+295  S2:+319  S3:+337  S4:+325  S5:+326
    3     1600      400        -7.2     213.9  S1:+295  S2:+319  S3:+337  S4:+325  S5:+326

──────────────────────────────────────────────────────────────────────
P=400 Summary
──────────────────────────────────────────────────────────────────────
    m  d_basis     ΔE₀(mH)
    0      400        -6.6
    1      800        -7.1
    2     1200        -7.1
    3     1600        -7.2

  State energies (total, Ha):
   St            E(FCI)           E(kDCI)       Δ(mH)
    0     -109.04823164     -109.05539411        -7.2
    1     -108.75059301     -108.45589072      +294.7
    2     -108.73420109     -108.41531307      +318.9
    3     -108.73118608     -108.39417185      +337.0
    4     -108.70463091     -108.37955721      +325.1
    5     -108.70420891     -108.37805436      +326.2

======================================================================
Done. 664s
======================================================================
