======================================================================
Phase 11 Stage B  P=600  m_max=3  nroots=6  nproc=4
  N₂/cc-pVDZ CAS(10,10) R=1.1 Å
======================================================================
Loading global FCI + H_QQ from cache...
  P=600 dets (100.0% wfn weight)
  Building H_PP and H_QP...
  H_QP: 600 P-dets × 4 workers (4 chunks)...
  H_QP: 110010 nnz (3s)

──────────────────────────────────────────────────────────────────────
P= 600  M=63,504  M/N=106  E₀(P)−E(FCI)=+1.3 mH
──────────────────────────────────────────────────────────────────────
    m  d_basis  d_layer     ΔE₀(mH)      t(s)  Excited state Δ (mH)
  ───  ───────  ───────  ──────────  ────────  ───────────────────────────────────────────────────────
    0      600      600        -5.2      56.6  S1:+288  S2:+344  S3:+348  S4:+325  S5:+343
    1     1200      600        -5.5     173.5  S1:+287  S2:+344  S3:+348  S4:+325  S5:+342
    2     1800      600        -5.5     390.8  S1:+287  S2:+344  S3:+348  S4:+324  S5:+341
    3     2400      600        -5.5     487.8  S1:+287  S2:+344  S3:+348  S4:+324  S5:+341

──────────────────────────────────────────────────────────────────────
P=600 Summary
──────────────────────────────────────────────────────────────────────
    m  d_basis     ΔE₀(mH)
    0      600        -5.2
    1     1200        -5.5
    2     1800        -5.5
    3     2400        -5.5

  State energies (total, Ha):
   St            E(FCI)           E(kDCI)       Δ(mH)
    0     -109.04823164     -109.05371673        -5.5
    1     -108.75059301     -108.46348302      +287.1
    2     -108.73420109     -108.39059030      +343.6
    3     -108.73118608     -108.38329609      +347.9
    4     -108.70463091     -108.38024507      +324.4
    5     -108.70420891     -108.36293579      +341.3

======================================================================
Done. 1202s
======================================================================
