======================================================================
Phase 11 Stage B  P=800  m_max=3  nroots=6  nproc=4
  N₂/cc-pVDZ CAS(10,10) R=1.1 Å
======================================================================
Loading global FCI + H_QQ from cache...
  P=800 dets (100.0% wfn weight)
  Building H_PP and H_QP...
  H_QP: 800 P-dets × 4 workers (4 chunks)...
  H_QP: 145112 nnz (4s)

──────────────────────────────────────────────────────────────────────
P= 800  M=63,504  M/N=79  E₀(P)−E(FCI)=+1.1 mH
──────────────────────────────────────────────────────────────────────
    m  d_basis  d_layer     ΔE₀(mH)      t(s)  Excited state Δ (mH)
  ───  ───────  ───────  ──────────  ────────  ───────────────────────────────────────────────────────
    0      800      800        -3.7     305.4  S1:+286  S2:+346  S3:+345  S4:+323  S5:+343
    1     1600      800        -3.9    1139.3  S1:+285  S2:+346  S3:+345  S4:+323  S5:+341
    2     2400      800        -3.9    2796.1  S1:+285  S2:+346  S3:+345  S4:+323  S5:+341
    3     3200      800        -3.9    2935.2  S1:+285  S2:+346  S3:+345  S4:+323  S5:+341

──────────────────────────────────────────────────────────────────────
P=800 Summary
──────────────────────────────────────────────────────────────────────
    m  d_basis     ΔE₀(mH)
    0      800        -3.7
    1     1600        -3.9
    2     2400        -3.9
    3     3200        -3.9

  State energies (total, Ha):
   St            E(FCI)           E(kDCI)       Δ(mH)
    0     -109.04823164     -109.05212730        -3.9
    1     -108.75059301     -108.46531833      +285.3
    2     -108.73420109     -108.38853797      +345.7
    3     -108.73118608     -108.38605747      +345.1
    4     -108.70463091     -108.38178059      +322.9
    5     -108.70420891     -108.36332515      +340.9

======================================================================
Done. 7325s
======================================================================
