======================================================================
Phase 11 Stage B  P=1000  m_max=3  nroots=6  nproc=4
  N₂/cc-pVDZ CAS(10,10) R=1.1 Å
======================================================================
Loading global FCI + H_QQ from cache...
  P=1000 dets (100.0% wfn weight)
  Building H_PP and H_QP...
  H_QP: 1000 P-dets × 4 workers (4 chunks)...
  H_QP: 179576 nnz (5s)

──────────────────────────────────────────────────────────────────────
P=1000  M=63,504  M/N=64  E₀(P)−E(FCI)=+0.4 mH
──────────────────────────────────────────────────────────────────────
    m  d_basis  d_layer     ΔE₀(mH)      t(s)  Excited state Δ (mH)
  ───  ───────  ───────  ──────────  ────────  ───────────────────────────────────────────────────────
    0     1000     1000        -3.9     124.9  S1:+282  S2:+346  S3:+343  S4:+320  S5:+353
    1     2000     1000        -4.1     363.5  S1:+281  S2:+346  S3:+343  S4:+319  S5:+349
    2     3000     1000        -4.1     780.5  S1:+281  S2:+346  S3:+343  S4:+319  S5:+349
    3     4000     1000        -4.1    1164.2  S1:+281  S2:+346  S3:+343  S4:+319  S5:+349

──────────────────────────────────────────────────────────────────────
P=1000 Summary
──────────────────────────────────────────────────────────────────────
    m  d_basis     ΔE₀(mH)
    0     1000        -3.9
    1     2000        -4.1
    2     3000        -4.1
    3     4000        -4.1

  State energies (total, Ha):
   St            E(FCI)           E(kDCI)       Δ(mH)
    0     -109.04823164     -109.05232596        -4.1
    1     -108.75059301     -108.46944288      +281.2
    2     -108.73420109     -108.38859366      +345.6
    3     -108.73118608     -108.38849435      +342.7
    4     -108.70463091     -108.38544032      +319.2
    5     -108.70420891     -108.35545706      +348.8

======================================================================
Done. 2599s
======================================================================
