======================================================================
Phase 11 Stage B  P=50  m_max=3  nroots=6  nproc=4
  N₂/cc-pVDZ CAS(10,10) R=1.1 Å
======================================================================
Loading global FCI + H_QQ from cache...
  P=50 dets (99.6% wfn weight)
  Building H_PP and H_QP...
  H_QP: 50 P-dets × 4 workers (5 chunks)...
  H_QP: 9776 nnz (1s)

──────────────────────────────────────────────────────────────────────
P=  50  M=63,504  M/N=1270  E₀(P)−E(FCI)=+9.7 mH
──────────────────────────────────────────────────────────────────────
    m  d_basis  d_layer     ΔE₀(mH)      t(s)  Excited state Δ (mH)
  ───  ───────  ───────  ──────────  ────────  ───────────────────────────────────────────────────────
    0       50       50       -54.5       0.8  S1:+286  S2:+338  S3:+350  S4:+325  S5:+333
    1      100       50       +29.3       2.0  S1:+303  S2:+352  S3:+350  S4:+333  S5:+349
    2      150       50       +28.1       3.0  S1:+302  S2:+352  S3:+349  S4:+333  S5:+349
    3      200       50       +27.9       3.9  S1:+302  S2:+352  S3:+349  S4:+333  S5:+348

──────────────────────────────────────────────────────────────────────
P=50 Summary
──────────────────────────────────────────────────────────────────────
    m  d_basis     ΔE₀(mH)
    0       50       -54.5
    1      100       +29.3
    2      150       +28.1
    3      200       +27.9

  State energies (total, Ha):
   St            E(FCI)           E(kDCI)       Δ(mH)
    0     -109.04823164     -109.02029314       +27.9
    1     -108.75059301     -108.44848675      +302.1
    2     -108.73420109     -108.38237066      +351.8
    3     -108.73118608     -108.38225180      +348.9
    4     -108.70463091     -108.37138533      +333.2
    5     -108.70420891     -108.35571649      +348.5

======================================================================
Done. 18s
======================================================================
