======================================================================
Phase 12 Stage C  P=50  m_max=3  nroots=6  nproc=4  ls=0
  P-space: HF perturbative selection
  Ref: DMRG-CI(maxM=500)
  N₂/cc-pVDZ CAS(10,10) R=1.1 Å
======================================================================
Loading global DMRG-CI + H_QQ from cache...
  Selecting P-space via HF perturbation theory...
  Selected P=50 dets from 825 SD excitations (0s)
  Building H_PP and H_QP...
  H_QP: 50 P-dets × 4 workers (5 chunks)...
  H_QP: 9781 nnz (1s)

──────────────────────────────────────────────────────────────────────
P=  50  M=63,504  M/N=1270  E₀(P)−E(DMRG)=+11.7 mH
──────────────────────────────────────────────────────────────────────
    m  d_basis  d_layer     ΔE₀(mH)      t(s)  Excited state Δ (mH)
  ───  ───────  ───────  ──────────  ────────  ───────────────────────────────────────────────────────
    0       50       50       -63.7       0.9  S1:+218  S2:+295  S3:+294  S4:+334  S5:+361
    1      100       50       +25.6       2.4  S1:+236  S2:+311  S3:+295  S4:+330  S5:+356
    2      150       50       +25.2       3.6  S1:+236  S2:+311  S3:+294  S4:+330  S5:+356
    3      200       50       +25.1       4.6  S1:+235  S2:+311  S3:+294  S4:+330  S5:+356

──────────────────────────────────────────────────────────────────────
P=50 Summary
──────────────────────────────────────────────────────────────────────
    m  d_basis     ΔE₀(mH)
    0       50       -63.7
    1      100       +25.6
    2      150       +25.2
    3      200       +25.1

  State energies (total, Ha):
   St           E(DMRG)           E(kDCI)       Δ(mH)
    0     -109.04823164     -109.02308784       +25.1
    1     -108.68275758     -108.44728677      +235.5
    2     -108.68056092     -108.36961255      +310.9
    3     -108.66234122     -108.36807834      +294.3
    4     -108.65273274     -108.32255770      +330.2
    5     -108.65185040     -108.29585052      +356.0

======================================================================
Done. 21s
======================================================================
