======================================================================
Phase 11 Stage B  P=200  m_max=3  nroots=6  nproc=4
  N₂/cc-pVDZ CAS(10,10) R=1.1 Å
======================================================================
Loading global FCI + H_QQ from cache...
  P=200 dets (100.0% wfn weight)
  Building H_PP and H_QP...
  H_QP: 200 P-dets × 4 workers (4 chunks)...
  H_QP: 38708 nnz (1s)

──────────────────────────────────────────────────────────────────────
P= 200  M=63,504  M/N=318  E₀(P)−E(FCI)=+1.2 mH
──────────────────────────────────────────────────────────────────────
    m  d_basis  d_layer     ΔE₀(mH)      t(s)  Excited state Δ (mH)
  ───  ───────  ───────  ──────────  ────────  ───────────────────────────────────────────────────────
    0      200      200       -55.3       6.7  S1:+302  S2:+312  S3:+350  S4:+332  S5:+334
    1      400      200       +23.6      18.3  S1:+303  S2:+339  S3:+349  S4:+334  S5:+334
    2      600      200       +22.2      32.0  S1:+303  S2:+339  S3:+349  S4:+334  S5:+334
    3      800      200       +21.8      39.1  S1:+303  S2:+338  S3:+349  S4:+334  S5:+334

──────────────────────────────────────────────────────────────────────
P=200 Summary
──────────────────────────────────────────────────────────────────────
    m  d_basis     ΔE₀(mH)
    0      200       -55.3
    1      400       +23.6
    2      600       +22.2
    3      800       +21.8

  State energies (total, Ha):
   St            E(FCI)           E(kDCI)       Δ(mH)
    0     -109.04823164     -109.02642948       +21.8
    1     -108.75059301     -108.44744277      +303.2
    2     -108.73420109     -108.39580967      +338.4
    3     -108.73118608     -108.38245275      +348.7
    4     -108.70463091     -108.37093839      +333.7
    5     -108.70420891     -108.36973842      +334.5

======================================================================
Done. 126s
======================================================================
