======================================================================
Phase 11 Stage B  P=5  m_max=0  nroots=6  nproc=4
  N₂/cc-pVDZ CAS(10,10) R=1.1 Å
======================================================================
FCI reference CAS(10,10) nroots=6...
  FCI done (4s)  E₀=-109.04823164 Ha
Building H_QQ adjacency (63,504 dets)...
  4 workers, 4 chunks...
  H_QQ: 6,367,724 upper edges, 12,798,952 total nnz (109s)
  P=5 dets (97.4% wfn weight)
  Building H_PP and H_QP...
  H_QP: 5 P-dets × 4 workers (5 chunks)...
  H_QP: 957 nnz (1s)

──────────────────────────────────────────────────────────────────────
P=   5  M=63,504  M/N=12701  E₀(P)−E(FCI)=+39.1 mH
──────────────────────────────────────────────────────────────────────
    m  d_basis  d_layer     ΔE₀(mH)      t(s)  Excited state Δ (mH)
  ───  ───────  ───────  ──────────  ────────  ───────────────────────────────────────────────────────
    0        5        5      +192.3       0.1  S1:+375  S2:+600  S3:+608  S4:+1667

──────────────────────────────────────────────────────────────────────
P=5 Summary
──────────────────────────────────────────────────────────────────────
    m  d_basis     ΔE₀(mH)
    0        5      +192.3

  State energies (total, Ha):
   St            E(FCI)           E(kDCI)       Δ(mH)
    0     -109.04823164     -108.85589225      +192.3
    1     -108.75059301     -108.37566232      +374.9
    2     -108.73420109     -108.13457694      +599.6
    3     -108.73118608     -108.12312505      +608.1
    4     -108.70463091     -107.03772632     +1666.9

======================================================================
Done. 120s
======================================================================
