======================================================================
Phase 12 Stage C  P=100  m_max=3  nroots=6  nproc=4  ls=0
  P-space: HF perturbative selection
  Ref: DMRG-CI(maxM=500)
  N₂/cc-pVDZ CAS(10,10) R=1.1 Å
======================================================================
Loading global DMRG-CI + H_QQ from cache...
  Selecting P-space via HF perturbation theory...
  Selected P=100 dets from 825 SD excitations (0s)
  Building H_PP and H_QP...
  H_QP: 100 P-dets × 4 workers (4 chunks)...
  H_QP: 19572 nnz (1s)

──────────────────────────────────────────────────────────────────────
P= 100  M=63,504  M/N=635  E₀(P)−E(DMRG)=+5.8 mH
──────────────────────────────────────────────────────────────────────
    m  d_basis  d_layer     ΔE₀(mH)      t(s)  Excited state Δ (mH)
  ───  ───────  ───────  ──────────  ────────  ───────────────────────────────────────────────────────
    0      100      100       -37.6       2.8  S1:+214  S2:+295  S3:+292  S4:+333  S5:+336
    1      200      100       +24.7       6.8  S1:+241  S2:+309  S3:+291  S4:+330  S5:+356
    2      300      100       +24.0      10.2  S1:+241  S2:+309  S3:+291  S4:+330  S5:+356
    3      400      100       +23.8      13.1  S1:+241  S2:+309  S3:+291  S4:+330  S5:+356

──────────────────────────────────────────────────────────────────────
P=100 Summary
──────────────────────────────────────────────────────────────────────
    m  d_basis     ΔE₀(mH)
    0      100       -37.6
    1      200       +24.7
    2      300       +24.0
    3      400       +23.8

  State energies (total, Ha):
   St           E(DMRG)           E(kDCI)       Δ(mH)
    0     -109.04823164     -109.02447329       +23.8
    1     -108.68275758     -108.44216370      +240.6
    2     -108.68056092     -108.37198476      +308.6
    3     -108.66234122     -108.37107789      +291.3
    4     -108.65273274     -108.32295632      +329.8
    5     -108.65185040     -108.29601646      +355.8

======================================================================
Done. 50s
======================================================================
