======================================================================
Phase 12 Stage C  P=5  m_max=0  nroots=6  nproc=8  ls=0
  P-space: HF perturbative selection
  Ref: DMRG-CI(maxM=500)
  N₂/cc-pVDZ CAS(10,10) R=1.1 Å
======================================================================
DMRG-CI reference (CAS(10,10), maxM=500, nroots=6)...
  DMRG-CI done (129s)
  DMRG-CI E₀ = -109.04823164 Ha
  DMRG-CI E1 = -108.68275758 Ha  (365.5 mH)
  DMRG-CI E2 = -108.68056092 Ha  (367.7 mH)
  DMRG-CI E3 = -108.66234122 Ha  (385.9 mH)
  DMRG-CI E4 = -108.65273274 Ha  (395.5 mH)
  DMRG-CI E5 = -108.65185040 Ha  (396.4 mH)
Building H_QQ adjacency (63,504 dets)...
  8 workers, 9 chunks...
  H_QQ: 6,331,044 upper edges, 12,725,592 total nnz (62s)
  Selecting P-space via HF perturbation theory...
  Selected P=5 dets from 825 SD excitations (0s)
  Building H_PP and H_QP...
  H_QP: 5 P-dets × 5 workers (5 chunks)...
  H_QP: 957 nnz (1s)

──────────────────────────────────────────────────────────────────────
P=   5  M=63,504  M/N=12701  E₀(P)−E(DMRG)=+37.7 mH
──────────────────────────────────────────────────────────────────────
    m  d_basis  d_layer     ΔE₀(mH)      t(s)  Excited state Δ (mH)
  ───  ───────  ───────  ──────────  ────────  ───────────────────────────────────────────────────────
    0        5        5      +195.8       0.1  S1:+306  S2:+551  S3:+541  S4:+1701

──────────────────────────────────────────────────────────────────────
P=5 Summary
──────────────────────────────────────────────────────────────────────
    m  d_basis     ΔE₀(mH)
    0        5      +195.8

  State energies (total, Ha):
   St           E(DMRG)           E(kDCI)       Δ(mH)
    0     -109.04823164     -108.85244606      +195.8
    1     -108.68275758     -108.37677023      +306.0
    2     -108.68056092     -108.12985876      +550.7
    3     -108.66234122     -108.12103330      +541.3
    4     -108.65273274     -106.95167027     +1701.1

======================================================================
Done. 200s
======================================================================
