======================================================================
Phase 12 Stage C  P=1000  m_max=3  nroots=6  nproc=4  ls=0
  P-space: HF perturbative selection
  Ref: DMRG-CI(maxM=500)
  N₂/cc-pVDZ CAS(10,10) R=1.1 Å
======================================================================
Loading global DMRG-CI + H_QQ from cache...
  Selecting P-space via HF perturbation theory...
  Selected P=826 dets from 825 SD excitations (0s)
  Building H_PP and H_QP...
  H_QP: 826 P-dets × 4 workers (5 chunks)...
  H_QP: 148576 nnz (5s)

──────────────────────────────────────────────────────────────────────
P= 826  M=63,504  M/N=77  E₀(P)−E(DMRG)=+5.0 mH
──────────────────────────────────────────────────────────────────────
    m  d_basis  d_layer     ΔE₀(mH)      t(s)  Excited state Δ (mH)
  ───  ───────  ───────  ──────────  ────────  ───────────────────────────────────────────────────────
    0      825      825        +0.2     152.4  S1:+182  S2:+183  S3:+221  S4:+217  S5:+271
    1     1650      825        -0.3     505.9  S1:+179  S2:+181  S3:+220  S4:+215  S5:+269
    2     2475      825        +3.8     714.8  S1:+178  S2:+180  S3:+220  S4:+215  S5:+269
    3     3300      825        +2.5     652.8  S1:+177  S2:+179  S3:+220  S4:+214  S5:+269

──────────────────────────────────────────────────────────────────────
P=826 Summary
──────────────────────────────────────────────────────────────────────
    m  d_basis     ΔE₀(mH)
    0      825        +0.2
    1     1650        -0.3
    2     2475        +3.8
    3     3300        +2.5

  State energies (total, Ha):
   St           E(DMRG)           E(kDCI)       Δ(mH)
    0     -109.04823164     -109.04569013        +2.5
    1     -108.68275758     -108.50526533      +177.5
    2     -108.68056092     -108.50109438      +179.5
    3     -108.66234122     -108.44232193      +220.0
    4     -108.65273274     -108.43843329      +214.3
    5     -108.65185040     -108.38269922      +269.2

======================================================================
Done. 2181s
======================================================================
