======================================================================
Phase 12 Stage C  P=800  m_max=3  nroots=6  nproc=4  ls=0
  P-space: HF perturbative selection
  Ref: DMRG-CI(maxM=500)
  N₂/cc-pVDZ CAS(10,10) R=1.1 Å
======================================================================
Loading global DMRG-CI + H_QQ from cache...
  Selecting P-space via HF perturbation theory...
  Selected P=800 dets from 825 SD excitations (0s)
  Building H_PP and H_QP...
  H_QP: 800 P-dets × 4 workers (4 chunks)...
  H_QP: 143697 nnz (5s)

──────────────────────────────────────────────────────────────────────
P= 800  M=63,504  M/N=79  E₀(P)−E(DMRG)=+5.0 mH
──────────────────────────────────────────────────────────────────────
    m  d_basis  d_layer     ΔE₀(mH)      t(s)  Excited state Δ (mH)
  ───  ───────  ───────  ──────────  ────────  ───────────────────────────────────────────────────────
    0      799      799        +0.2     114.3  S1:+182  S2:+184  S3:+221  S4:+217  S5:+271
    1     1598      799        -0.3     413.9  S1:+179  S2:+181  S3:+220  S4:+215  S5:+269
    2     2397      799        +3.8     703.7  S1:+178  S2:+180  S3:+220  S4:+215  S5:+269
    3     3196      799        +2.5     574.6  S1:+177  S2:+180  S3:+220  S4:+215  S5:+269

──────────────────────────────────────────────────────────────────────
P=800 Summary
──────────────────────────────────────────────────────────────────────
    m  d_basis     ΔE₀(mH)
    0      799        +0.2
    1     1598        -0.3
    2     2397        +3.8
    3     3196        +2.5

  State energies (total, Ha):
   St           E(DMRG)           E(kDCI)       Δ(mH)
    0     -109.04823164     -109.04569013        +2.5
    1     -108.68275758     -108.50553493      +177.2
    2     -108.68056092     -108.50082225      +179.7
    3     -108.66234122     -108.44232193      +220.0
    4     -108.65273274     -108.43818996      +214.5
    5     -108.65185040     -108.38283281      +269.0

======================================================================
Done. 1958s
======================================================================
