======================================================================
Phase 12 Stage C  P=400  m_max=3  nroots=6  nproc=4  ls=0
  P-space: HF perturbative selection
  Ref: DMRG-CI(maxM=500)
  N₂/cc-pVDZ CAS(10,10) R=1.1 Å
======================================================================
Loading global DMRG-CI + H_QQ from cache...
  Selecting P-space via HF perturbation theory...
  Selected P=400 dets from 825 SD excitations (0s)
  Building H_PP and H_QP...
  H_QP: 400 P-dets × 4 workers (4 chunks)...
  H_QP: 73726 nnz (2s)

──────────────────────────────────────────────────────────────────────
P= 400  M=63,504  M/N=159  E₀(P)−E(DMRG)=+5.0 mH
──────────────────────────────────────────────────────────────────────
    m  d_basis  d_layer     ΔE₀(mH)      t(s)  Excited state Δ (mH)
  ───  ───────  ───────  ──────────  ────────  ───────────────────────────────────────────────────────
    0      400      400        -0.7      36.0  S1:+241  S2:+311  S3:+293  S4:+284  S5:+332
    1      800      400        +5.3     100.7  S1:+240  S2:+310  S3:+293  S4:+283  S5:+330
    2     1200      400        +3.5     298.7  S1:+240  S2:+310  S3:+292  S4:+283  S5:+330
    3     1600      400        +3.4     216.9  S1:+240  S2:+310  S3:+292  S4:+283  S5:+330

──────────────────────────────────────────────────────────────────────
P=400 Summary
──────────────────────────────────────────────────────────────────────
    m  d_basis     ΔE₀(mH)
    0      400        -0.7
    1      800        +5.3
    2     1200        +3.5
    3     1600        +3.4

  State energies (total, Ha):
   St           E(DMRG)           E(kDCI)       Δ(mH)
    0     -109.04823164     -109.04487466        +3.4
    1     -108.68275758     -108.44235779      +240.4
    2     -108.68056092     -108.37015480      +310.4
    3     -108.66234122     -108.36991579      +292.4
    4     -108.65273274     -108.36970740      +283.0
    5     -108.65185040     -108.32199280      +329.9

======================================================================
Done. 727s
======================================================================
