======================================================================
Phase 12 Stage C  P=600  m_max=3  nroots=6  nproc=4  ls=0
  P-space: HF perturbative selection
  Ref: DMRG-CI(maxM=500)
  N₂/cc-pVDZ CAS(10,10) R=1.1 Å
======================================================================
Loading global DMRG-CI + H_QQ from cache...
  Selecting P-space via HF perturbation theory...
  Selected P=600 dets from 825 SD excitations (0s)
  Building H_PP and H_QP...
  H_QP: 600 P-dets × 4 workers (4 chunks)...
  H_QP: 110404 nnz (3s)

──────────────────────────────────────────────────────────────────────
P= 600  M=63,504  M/N=106  E₀(P)−E(DMRG)=+5.0 mH
──────────────────────────────────────────────────────────────────────
    m  d_basis  d_layer     ΔE₀(mH)      t(s)  Excited state Δ (mH)
  ───  ───────  ───────  ──────────  ────────  ───────────────────────────────────────────────────────
    0      600      600        +0.2      65.4  S1:+181  S2:+184  S3:+221  S4:+271  S5:+276
    1     1200      600        +8.8     231.7  S1:+178  S2:+181  S3:+220  S4:+269  S5:+274
    2     1800      600        +2.6     372.8  S1:+177  S2:+181  S3:+220  S4:+269  S5:+274
    3     2400      600        +2.6     597.4  S1:+176  S2:+180  S3:+220  S4:+269  S5:+273

──────────────────────────────────────────────────────────────────────
P=600 Summary
──────────────────────────────────────────────────────────────────────
    m  d_basis     ΔE₀(mH)
    0      600        +0.2
    1     1200        +8.8
    2     1800        +2.6
    3     2400        +2.6

  State energies (total, Ha):
   St           E(DMRG)           E(kDCI)       Δ(mH)
    0     -109.04823164     -109.04567124        +2.6
    1     -108.68275758     -108.50641240      +176.3
    2     -108.68056092     -108.50042464      +180.1
    3     -108.66234122     -108.44232146      +220.0
    4     -108.65273274     -108.38352258      +269.2
    5     -108.65185040     -108.37838635      +273.5

======================================================================
Done. 1381s
======================================================================
