======================================================================
Phase 12 Stage C  P=200  m_max=3  nroots=6  nproc=4  ls=0
  P-space: HF perturbative selection
  Ref: DMRG-CI(maxM=500)
  N₂/cc-pVDZ CAS(10,10) R=1.1 Å
======================================================================
Loading global DMRG-CI + H_QQ from cache...
  Selecting P-space via HF perturbation theory...
  Selected P=200 dets from 825 SD excitations (0s)
  Building H_PP and H_QP...
  H_QP: 200 P-dets × 4 workers (4 chunks)...
  H_QP: 38163 nnz (1s)

──────────────────────────────────────────────────────────────────────
P= 200  M=63,504  M/N=318  E₀(P)−E(DMRG)=+5.0 mH
──────────────────────────────────────────────────────────────────────
    m  d_basis  d_layer     ΔE₀(mH)      t(s)  Excited state Δ (mH)
  ───  ───────  ───────  ──────────  ────────  ───────────────────────────────────────────────────────
    0      200      200       -11.0       7.8  S1:+241  S2:+308  S3:+292  S4:+282  S5:+330
    1      400      200       +15.1      21.0  S1:+240  S2:+308  S3:+291  S4:+282  S5:+329
    2      600      200       +14.2      35.4  S1:+240  S2:+308  S3:+291  S4:+282  S5:+329
    3      800      200       +14.0      43.3  S1:+240  S2:+308  S3:+291  S4:+282  S5:+329

──────────────────────────────────────────────────────────────────────
P=200 Summary
──────────────────────────────────────────────────────────────────────
    m  d_basis     ΔE₀(mH)
    0      200       -11.0
    1      400       +15.1
    2      600       +14.2
    3      800       +14.0

  State energies (total, Ha):
   St           E(DMRG)           E(kDCI)       Δ(mH)
    0     -109.04823164     -109.03425998       +14.0
    1     -108.68275758     -108.44295217      +239.8
    2     -108.68056092     -108.37298346      +307.6
    3     -108.66234122     -108.37136857      +291.0
    4     -108.65273274     -108.37091292      +281.8
    5     -108.65185040     -108.32331104      +328.5

======================================================================
Done. 140s
======================================================================
