Phase 5b: P-Space Strategy Exploration
Date: Mon Jun 29 07:03:33 AM EDT 2026
================================================================================
Phase 5b: P-Space Strategy Exploration — PySCF make_hdiag, CAS(10,10), m=0
================================================================================

============================================================
R=1.10 Re
============================================================
  CAS(10,10) E_ref=-109.0482316433  setup=1.7s
  Strategy                 P        Q     d     ΔE(mH)  SCF    t(s)     nnz
  -------------------- ----- -------- ----- ---------- ---- ------- -------
  A: CAS(4,4)             36    46656    36     +319.0   17     0.4    6480
  B: CAS(6,6)            400    63504   400     +318.3   15    31.3   67718
  C: EW 1.0Ha             17    46656    17     +347.3   17     0.2    3179
  C: EW 2.0Ha            135    58081   135     +275.3   12     3.2   20180
  D: PT2 1e-05           166    63001   166      +63.3    6     4.5   21316
  D: PT2 1e-04            83    63001    83      +73.7    9     1.6   13471
  D: PT2 1e-03            32    55225    32     +212.5    8     0.4    5557
  D: PT2 1e-02            11    48400    11     +257.8    9     0.1    2020
  E: Single-det            1    15876     1     +326.8   16     0.0     205

============================================================
R=1.65 1.5Re
============================================================
  CAS(10,10) E_ref=-108.8592943736  setup=2.7s
  Strategy                 P        Q     d     ΔE(mH)  SCF    t(s)     nnz
  -------------------- ----- -------- ----- ---------- ---- ------- -------
  A: CAS(4,4)             36    46656    36     +870.6   19     0.4   11126
  B: CAS(6,6)            400    63504   400     +598.5   17    31.4  112154
  C: EW 0.5Ha            328    63504   328     +596.8   14    15.2   90778
  C: EW 1.0Ha             --         (P too large, skipped)
  C: EW 2.0Ha             --         (P too large, skipped)
  D: PT2 1e-05           170    63001   170     +595.4   10     4.8   41782
  D: PT2 1e-04           126    63001   126     +608.3   10     3.2   31533
  D: PT2 1e-03            74    63001    74     +702.5   12     1.3   19632
  D: PT2 1e-02            36    59536    36     +748.6   15     0.5   10493
  E: Single-det            1    15876     1    +2304.2   31     0.0     379

============================================================
R=2.20 2.0Re
============================================================
  CAS(10,10) E_ref=-108.7632928497  setup=3.2s
  Strategy                 P        Q     d     ΔE(mH)  SCF    t(s)     nnz
  -------------------- ----- -------- ----- ---------- ---- ------- -------
  A: CAS(4,4)             36    46656    36     +983.5   23     0.4   13908
  B: CAS(6,6)            400    63504   400     +601.8   16    31.2  144072
  C: EW 0.5Ha             --         (P too large, skipped)
  C: EW 1.0Ha             --         (P too large, skipped)
  C: EW 2.0Ha             --         (P too large, skipped)
  D: PT2 1e-05           130    63001   130     +248.7   11     3.1   40736
  D: PT2 1e-04            96    62001    96     +282.6   10     3.7   30532
  D: PT2 1e-03            46    61009    46     +285.5   10     0.6   16536
  D: PT2 1e-02            26    58081    26     +523.8   12     0.3    9534
  E: Single-det            1    15876     1    +2595.5   32     0.0     403

============================================================
R=2.75 2.5Re
============================================================
  CAS(10,10) E_ref=-108.7609899390  setup=6.0s
  Strategy                 P        Q     d     ΔE(mH)  SCF    t(s)     nnz
  -------------------- ----- -------- ----- ---------- ---- ------- -------
  A: CAS(4,4)             36    46656    36     +975.3   22     0.4   16862
  B: CAS(6,6)            400    63504   400     +485.5   17    31.1  170110
  C: EW 0.5Ha             --         (P too large, skipped)
  C: EW 1.0Ha             --         (P too large, skipped)
  C: EW 2.0Ha             --         (P too large, skipped)
  D: PT2 1e-05           130    63001   130     +330.9   14     3.1   48744
  D: PT2 1e-04            88    63001    88     +330.6   12     1.8   34905
  D: PT2 1e-03            40    61009    40     +362.4   15     0.5   18331
  D: PT2 1e-02            24    59536    24     +560.8   13     0.3   11407
  E: Single-det            1    15876     1    +2964.5   31     0.0     519

================================================================================
Phase 5b complete.
================================================================================
Exit: 0 at Mon Jun 29 07:07:27 AM EDT 2026
