============================================
Phase 4b: N2/cc-pVDZ Full FCI PT2 P-selection
Date: Mon Jun 29 05:20:38 AM EDT 2026
Node: amd-cpu
============================================
================================================================================
Phase 4b: CAS(10,10) PT2 P-space (P << Q, sparse, m=0)
================================================================================

============================================================
R=1.10 Re
============================================================
  CAS(10,10) dim = 63504, E_ref = -109.0482316432
  Setup: 1.2s
  PT2 candidates: 876 (in CAS space)
  PT2 pool: 206 dets (score > 1e-08), 0.0s

      P         Q      d      ΔE(mH)   SCF     t(s)        σ₁    σ_last
  -----  --------  -----  ----------  ----  -------  --------  --------
     10      4393     10       +55.8    11      0.3  2.51e-01  9.37e-02
     25      8890     25       +40.1    10      0.7  2.52e-01  3.52e-02
     50     14011     50       +31.5     7      1.2  2.12e-01  1.38e-02
    100     19261    100       +10.5     9      2.3  2.07e-01  7.38e-03
    200     20782    199        +5.6     9      4.6  2.06e-01  8.17e-03

============================================================
R=1.65 1.5Re
============================================================
  CAS(10,10) dim = 63504, E_ref = -108.8592943762
  Setup: 3.7s
  PT2 candidates: 876 (in CAS space)
  PT2 pool: 216 dets (score > 1e-08), 0.0s

      P         Q      d      ΔE(mH)   SCF     t(s)        σ₁    σ_last
  -----  --------  -----  ----------  ----  -------  --------  --------
     10      4975     10      +755.6    18      0.4  9.06e-01  2.94e-01
     25      8428     25      +612.8    16      0.7  6.16e-01  1.87e-01
     50     13055     50      +560.9    14      1.2  5.68e-01  7.88e-02
    100     17953    100      +539.4    12      2.2  5.32e-01  2.19e-02
    200     20770    200      +524.2    11      4.6  4.52e-01  4.63e-04

============================================================
R=2.20 2.0Re
============================================================
  CAS(10,10) dim = 63504, E_ref = -108.7632927747
  Setup: 4.2s
  PT2 candidates: 876 (in CAS space)
  PT2 pool: 182 dets (score > 1e-08), 0.0s

      P         Q      d      ΔE(mH)   SCF     t(s)        σ₁    σ_last
  -----  --------  -----  ----------  ----  -------  --------  --------
     10      5588     10      +563.8    16      0.4  1.45e+00  3.59e-01
     25      9230     25      +228.3    14      0.7  7.42e-01  8.43e-02
     50     14139     50      +127.2    14      1.2  5.34e-01  3.94e-02
    100     19082    100      +124.0    14      2.3  5.32e-01  5.29e-03

============================================================
R=2.75 2.5Re
============================================================
  CAS(10,10) dim = 63504, E_ref = -108.7609902752
  Setup: 5.9s
  PT2 candidates: 876 (in CAS space)
  PT2 pool: 146 dets (score > 1e-08), 0.0s

      P         Q      d      ΔE(mH)   SCF     t(s)        σ₁    σ_last
  -----  --------  -----  ----------  ----  -------  --------  --------
     10      5322     10      +536.5    15      0.4  1.26e+00  3.25e-01
     25      9598     25      +291.1    14      0.7  9.41e-01  7.82e-02
     50     14938     50      +205.4    15      1.3  6.97e-01  4.11e-02
    100     19622    100      +188.4    14      2.3  6.68e-01  4.21e-03

================================================================================
Phase 4b complete.
================================================================================

Job completed with exit code: 0 at Mon Jun 29 05:21:21 AM EDT 2026
