Phase 6: Krylov Convergence Test
Date: Mon Jun 29 08:12:44 AM EDT 2026
================================================================================
Phase 6: Krylov Convergence — per-layer SVD, sparse H_QQ, CAS(8,8)
================================================================================

============================================================
R=1.10 Re
============================================================
  CAS(8,8), P=73, Q=4900, E_ref=-109.0334500620
  H_QQ sparse: 200196 off-diag pairs (7.8s)
  Setup total: 8.4s

    m  d_basis  d_layer      ΔE(mH)     t(s)
  ---  -------  -------  ----------  -------
    0       72       72       +17.6     10.8
    1      144       72        +6.1     32.3
    2      216       72       +81.7     42.7
    3      286       70        +9.8     53.1

============================================================
R=1.65 1.5Re
============================================================
  CAS(8,8), P=83, Q=4900, E_ref=-108.8339436963
  H_QQ sparse: 341656 off-diag pairs (7.8s)
  Setup total: 8.5s

    m  d_basis  d_layer      ΔE(mH)     t(s)
  ---  -------  -------  ----------  -------
    0       82       82      +444.5     20.2
    1      164       82   -193659.4     62.1
    2      246       82      -998.3     83.2
    3      328       82      +311.9    104.5

============================================================
R=2.20 2.0Re
============================================================
  CAS(8,8), P=53, Q=4900, E_ref=-108.7501167442
  H_QQ sparse: 406102 off-diag pairs (7.9s)
  Setup total: 8.5s

    m  d_basis  d_layer      ΔE(mH)     t(s)
  ---  -------  -------  ----------  -------
    0       52       52       +21.2     15.5
    1      104       52     -8375.3     46.9
    2      156       52     -1376.3     62.6
    3      208       52    -33890.8     78.7

============================================================
R=2.75 2.5Re
============================================================
  CAS(8,8), P=67, Q=4900, E_ref=-108.7499776568
  H_QQ sparse: 489446 off-diag pairs (7.9s)
  Setup total: 8.5s

    m  d_basis  d_layer      ΔE(mH)     t(s)
  ---  -------  -------  ----------  -------
    0       67       67      -709.8     24.1
    1      133       66    -15480.6     71.8
    2      199       66     -1782.9     95.3
    3      262       63   -119906.8    117.5

================================================================================
Phase 6 complete.
================================================================================
Exit: 0 at Mon Jun 29 08:28:39 AM EDT 2026
