============================================
Phase 5: N2/cc-pVDZ Krylov-dCI — PySCF native tools
Date: Mon Jun 29 06:46:25 AM EDT 2026
Node: amd-cpu
============================================
================================================================================
Phase 5: N₂/cc-pVDZ — PySCF make_hdiag + sparse H_QP (m=0, SLURM)
================================================================================

============================================================
R=1.10 Re
============================================================
  CAS(10,10) E_ref=-109.0482316438  setup=1.1s
  PT2 pool: 186 (0.0s)

      P         Q      d      ΔE(mH)   SCF     t(s)        σ₁       nnz
  -----  --------  -----  ----------  ----  -------  --------  --------
     10     49729     10      +254.2    11      0.1  2.30e-01      1942
     25     55225     25      +173.8     9      0.3  2.16e-01      4739
     50     61005     50       +61.2     9      0.7  2.10e-01      8931
    100     63001    100       +64.2     4      2.2  2.07e-01     15176

============================================================
R=1.65 1.5Re
============================================================
  CAS(10,10) E_ref=-108.8592943767  setup=2.1s
  PT2 pool: 220 (0.0s)

      P         Q      d      ΔE(mH)   SCF     t(s)        σ₁       nnz
  -----  --------  -----  ----------  ----  -------  --------  --------
     10     46200     10      +802.1    16      0.1  7.17e-01      3574
     25     59536     25      +763.0    14      0.3  4.60e-01      8568
     50     60025     50      +734.3    14      0.7  5.31e-01     16062
    100     63001    100      +606.2    11      2.2  4.78e-01     29868

============================================================
R=2.20 2.0Re
============================================================
  CAS(10,10) E_ref=-108.7632928491  setup=3.9s
  PT2 pool: 186 (0.0s)

      P         Q      d      ΔE(mH)   SCF     t(s)        σ₁       nnz
  -----  --------  -----  ----------  ----  -------  --------  --------
     10     46176     10     +1129.1    30      0.1  7.39e+01      4005
     25     58081     25      +528.3    15      0.3  5.24e-01      9152
     50     61009     50      +333.2    10      0.7  4.47e-01     16790
    100     61009    100      +271.1    12      2.1  4.52e-01     32378

============================================================
R=2.75 2.5Re
============================================================
  CAS(10,10) E_ref=-108.7609902093  setup=6.4s
  PT2 pool: 198 (0.0s)

      P         Q      d      ΔE(mH)   SCF     t(s)        σ₁       nnz
  -----  --------  -----  ----------  ----  -------  --------  --------
     10     47040     10      +657.1    23      0.1  1.15e+00      4679
     25     59536     25      +560.0    15      0.3  6.29e-01     11330
     50     62001     50      +363.0    14      0.7  5.19e-01     20475
    100     63001    100      +330.6    12      2.2  5.40e-01     37617

================================================================================
Phase 5 complete.
================================================================================

Job completed with exit code: 0 at Mon Jun 29 06:46:52 AM EDT 2026
