Phase 6: Krylov Convergence Test
Date: Mon Jun 29 08:07:23 AM EDT 2026
================================================================================
Phase 6: Krylov Convergence — per-layer SVD, sparse H_QQ, CAS(8,8)
================================================================================

============================================================
R=1.10 Re
============================================================
  CAS(8,8), P=73, Q=4900, E_ref=-109.0334500619
  H_QQ sparse: 198702 off-diag pairs (7.8s)
  Setup total: 8.3s

    m  d_basis  d_layer      ΔE(mH)     t(s)
  ---  -------  -------  ----------  -------
    0       72       72       +19.2     10.7
    1      144       72       +10.9     32.2
    2      216       72        +6.1     42.6
    3      287       71       +23.0     53.3

============================================================
R=1.65 1.5Re
============================================================
  CAS(8,8), P=83, Q=4900, E_ref=-108.8339436948
  H_QQ sparse: 344546 off-diag pairs (7.9s)
  Setup total: 8.7s

    m  d_basis  d_layer      ΔE(mH)     t(s)
  ---  -------  -------  ----------  -------
    0       82       82      +527.6     20.6
    1      164       82    -32861.0     63.3
