================================================================================
Phase 7: Krylov-dCI — CASCI FCI ref, CAS(8,8)
================================================================================
  FCI reference:
    S0: -50.33757871 Ha  (0.0 mH rel)
    S1: -49.56731562 Ha  (770.3 mH rel)
    S2: -49.56731562 Ha  (770.3 mH rel)
    S3: -49.42699094 Ha  (910.6 mH rel)
    S4: -49.42699094 Ha  (910.6 mH rel)
  P=200 dets (from FCI compression, retained 100.0% wfn weight)
  Q=4900, Q/P=24
  Δ=E0(P)-E(FCI)=2.5 mH,  H_QP nnz=6254
  Setup: 1.0s
  H_QQ: 201606 edges, 7.8s

    m  d_basis  d_layer     ΔE₀(mH)     t(s)  Excited states
  ---  -------  -------  ----------  -------  --------------------------------------------------
    0      200      200        +2.0     29.5
    1      400      200        +1.9     89.2
    2      600      200        +1.9    119.8
    3      800      200        +1.9    150.1

============================================================
Summary (E in Ha, rel to FCI ground state)
============================================================
   State          E(FCI)         E(kDCI)     Δ(mH)
       0   -109.03345006   -109.03150577      +1.9
       1   -108.26318698               —         —
       2   -108.26318698               —         —
       3   -108.12286230               —         —
       4   -108.12286230               —         —

Phase 7 complete.

