============================================
Phase 5: N2/cc-pVDZ Krylov-dCI — PySCF native tools
Date: Mon Jun 29 06:42:31 AM EDT 2026
Node: amd-cpu
============================================
================================================================================
Phase 5: N₂/cc-pVDZ Krylov-dCI — PySCF native FCI tools (m=0)
================================================================================

============================================================
R=1.10 Re
============================================================
  CAS(10,10) E_ref = -109.0482316432, setup: 1.2s
  PT2 pool: 210 dets (876 candidates, 0.0s)

      P         Q      d      ΔE(mH)   SCF     t(s)        σ₁       nnz
  -----  --------  -----  ----------  ----  -------  --------  --------
     10     44940      0      +419.5     1      0.2  0.00e+00         0
     25     49284      1      +381.2     3      0.6  7.42e-02        92
     50     49729      1      +192.4     2      1.2  2.00e-02        54
    100     47089     10      +105.4     2      2.6  2.53e-02       367

============================================================
R=1.65 1.5Re
============================================================
  CAS(10,10) E_ref = -108.8592943780, setup: 2.2s
  PT2 pool: 402 dets (876 candidates, 0.0s)

      P         Q      d      ΔE(mH)   SCF     t(s)        σ₁       nnz
  -----  --------  -----  ----------  ----  -------  --------  --------
     10     45780      0     +1025.7     1      0.2  0.00e+00         0
     25     52900      3      +968.9     3      0.6  9.02e-02       439
     50     51529      8      +943.9     4      1.3  2.07e-01      1119
    100     47742      3      +759.1     2      2.7  3.80e-02       139

============================================================
R=2.20 2.0Re
============================================================
  CAS(10,10) E_ref = -108.7632927548, setup: 3.4s
  PT2 pool: 400 dets (876 candidates, 0.0s)

      P         Q      d      ΔE(mH)   SCF     t(s)        σ₁       nnz
  -----  --------  -----  ----------  ----  -------  --------  --------
     10     43656      3     +1171.1    15      0.2  1.07e+00       669
     25     52670      3      +846.1     4      0.6  1.14e-01       515
     50     51076      1      +721.2     2      1.2  2.04e-02        93
    100     46225      6      +466.5     3      2.6  3.75e-02       315

============================================================
R=2.75 2.5Re
============================================================
  CAS(10,10) E_ref = -108.7609903477, setup: 9.0s
  PT2 pool: 510 dets (876 candidates, 0.0s)

      P         Q      d      ΔE(mH)   SCF     t(s)        σ₁       nnz
  -----  --------  -----  ----------  ----  -------  --------  --------
     10     44690      2     +1174.8     5      0.2  5.62e-01       575
     25     54289      0      +898.6     1      0.6  0.00e+00         0
     50     51984      0      +606.2     1      1.3  0.00e+00         0
    100     47089      6      +558.0     2      2.7  4.75e-02       513

================================================================================
Phase 5 complete.
================================================================================

Job completed with exit code: 0 at Mon Jun 29 06:43:06 AM EDT 2026
