Phase 5b: P-Space Strategy Exploration
Date: Mon Jun 29 07:43:18 AM EDT 2026
================================================================================
Phase 5b: P-Space Strategy Exploration — PySCF make_hdiag, CAS(10,10), m=0
================================================================================

============================================================
R=1.10 Re
============================================================
  CAS(10,10) E_ref=-109.0482316438  setup=1.6s
  Strategy                 P        Q     d     ΔE(mH)  SCF    t(s)     nnz
  -------------------- ----- -------- ----- ---------- ---- ------- -------
  A: CAS(4,4)             36    46656    36     -459.8    1     0.4    6588
  B: CAS(6,6)            400    63504   400     -456.5    1    31.0   68236
  C: EW 1.0Ha             17    46656    17     -479.6    1     0.2    3219
  C: EW 2.0Ha            135    58081   135     +257.3    1     3.2   20444
  D: PT2 1e-05           144    63001   144      +63.4    1     4.9   19554
  D: PT2 1e-04            81    63001    81      +62.9    1     1.6   12989
  D: PT2 1e-03            19    55225    19     +242.6    1     0.2    3500
  D: PT2 1e-02            13    50625    13     +253.8    1     0.1    2396
  E: Single-det            1    15876     1     -533.2    1     0.0     207

============================================================
R=1.65 1.5Re
============================================================
  CAS(10,10) E_ref=-108.8592943780  setup=2.1s
  Strategy                 P        Q     d     ΔE(mH)  SCF    t(s)     nnz
  -------------------- ----- -------- ----- ---------- ---- ------- -------
  A: CAS(4,4)             36    46656    36      +40.1    1     0.4   12060
  B: CAS(6,6)            400    63504   400     -473.6    1    32.6  124240
  C: EW 0.5Ha            320    63504   320     -273.4    1    60.6   97738
  C: EW 1.0Ha             --         (P too large, skipped)
  C: EW 2.0Ha             --         (P too large, skipped)
  D: PT2 1e-05           144    63001   144     +585.3    1     5.0   38988
  D: PT2 1e-04           107    63001   107     +540.2    1     2.5   30129
  D: PT2 1e-03            66    62001    66     +495.0    1     1.1   19645
  D: PT2 1e-02            24    59049    24     +396.9    1     0.3    8118
  E: Single-det            1    15876     1    -1384.3    1     0.0     395

============================================================
R=2.20 2.0Re
============================================================
  CAS(10,10) E_ref=-108.7632928406  setup=4.5s
  Strategy                 P        Q     d     ΔE(mH)  SCF    t(s)     nnz
  -------------------- ----- -------- ----- ---------- ---- ------- -------
  A: CAS(4,4)             36    46656    36    -9313.7    1     0.4   12838
  B: CAS(6,6)            400    63504   400      -59.5    1    31.2  136282
  C: EW 0.5Ha             --         (P too large, skipped)
  C: EW 1.0Ha             --         (P too large, skipped)
  C: EW 2.0Ha             --         (P too large, skipped)
  D: PT2 1e-05           158    63001   158     +224.2    1     4.4   46786
  D: PT2 1e-04           116    62001   116     +250.6    1     2.7   34588
  D: PT2 1e-03            62    62001    62     +253.1    1     1.0   19366
  D: PT2 1e-02            42    59049    42     +462.0    1     0.6   13842
  E: Single-det            1    15876     1    -8423.2    1     0.0     393

============================================================
R=2.75 2.5Re
============================================================
  CAS(10,10) E_ref=-108.7609900451  setup=7.8s
  Strategy                 P        Q     d     ΔE(mH)  SCF    t(s)     nnz
  -------------------- ----- -------- ----- ---------- ---- ------- -------
  A: CAS(4,4)             36    46656    36     -595.4    1     0.4   15900
  B: CAS(6,6)            400    63504   400     -272.2    1    30.0  159606
  C: EW 0.5Ha             --         (P too large, skipped)
  C: EW 1.0Ha             --         (P too large, skipped)
  C: EW 2.0Ha             --         (P too large, skipped)
  D: PT2 1e-05           130    63001   130     +303.5    1     3.1   45168
  D: PT2 1e-04           104    63001   104     +303.2    1     2.4   37241
  D: PT2 1e-03            42    61009    42     +307.7    1     0.6   17620
  D: PT2 1e-02            24    59536    24     +490.7    1     0.3   10601
  E: Single-det            1    15876     1   +13143.0    1     0.0     473

================================================================================
Phase 5b complete.
================================================================================
Exit: 0 at Mon Jun 29 07:47:58 AM EDT 2026
