Phase 6: Krylov Convergence Test
Date: Mon Jun 29 07:59:03 AM EDT 2026
================================================================================
Phase 6: Krylov Convergence — per-layer SVD, sparse H_QQ, CAS(8,8)
================================================================================

============================================================
R=1.10 Re
============================================================
  CAS(8,8), P=61, Q=4900, E_ref=-109.0334500618
  H_QQ sparse: 201922 off-diag pairs (7.8s)
  Setup total: 8.4s

    m  d_basis  d_layer      ΔE(mH)     t(s)
  ---  -------  -------  ----------  -------
    0       61       61       +19.5      9.2
    1      122       61       +11.6     27.6
    2      182       60        +7.8     36.5
    3      241       59       +44.8     45.2

============================================================
R=1.65 1.5Re
============================================================
  CAS(8,8), P=83, Q=4900, E_ref=-108.8339436936
  H_QQ sparse: 347748 off-diag pairs (7.8s)
  Setup total: 8.6s

    m  d_basis  d_layer      ΔE(mH)     t(s)
  ---  -------  -------  ----------  -------
    0       82       82      +556.2     21.3
    1      164       82    -14469.0     63.8
    2      246       82      -208.9     84.1
    3      328       82     -9665.8    104.8

============================================================
R=2.20 2.0Re
============================================================
  CAS(8,8), P=69, Q=4900, E_ref=-108.7501167430
  H_QQ sparse: 442594 off-diag pairs (7.9s)
  Setup total: 8.5s

    m  d_basis  d_layer      ΔE(mH)     t(s)
  ---  -------  -------  ----------  -------
    0       68       68      +219.2     21.8
    1      136       68     -8906.0     65.5
    2      204       68    -33517.3     87.5
    3      272       68    -12353.9    110.6

============================================================
R=2.75 2.5Re
============================================================
  CAS(8,8), P=71, Q=4900, E_ref=-108.7499776529
  H_QQ sparse: 490902 off-diag pairs (8.0s)
  Setup total: 8.6s

    m  d_basis  d_layer      ΔE(mH)     t(s)
  ---  -------  -------  ----------  -------
    0       70       70      +231.9     25.2
    1      140       70     -6921.6     76.4
    2      210       70     -7401.6    102.2
    3      279       69     -2264.6    126.8

================================================================================
Phase 6 complete.
================================================================================
Exit: 0 at Mon Jun 29 08:16:26 AM EDT 2026
