============================================
Phase 4: N2/cc-pVDZ P-Space Strategy Test
Date: Mon Jun 29 03:49:39 AM EDT 2026
Node: amd-cpu
============================================
================================================================================
Phase 4: N₂/cc-pVDZ P-Space Strategies (m=0, optimized)
================================================================================

============================================================
R=1.100 (Re)
============================================================
    Building full H matrix (4900×4900)... 16.6s
    Total setup: 16.8s
  CAS(8,8) dim=4900, E_ref(FCI)=-50.3375787058
  A: CAS(4,4)          P=  36 d= 36 ΔE=+191.6mH 0.21s
  B: CAS(6,6)          P= 400 d=400 ΔE=+189.1mH 2.35s
  C: EW 0.5Ha          P=   1 d=  1 ΔE=+213.5mH 0.10s
  C: EW 1.0Ha          P=  17 d= 17 ΔE=+213.5mH 0.13s
  C: EW 2.0Ha          P=  99 d= 99 ΔE=+189.4mH 0.30s
  C: EW 5.0Ha          P=1543 d=1534 ΔE=+0.8mH 26.36s
  D: PT2 1e-05         P=  73 d= 73 ΔE=+3.9mH 0.26s
  D: PT2 1e-04         P=  36 d= 36 ΔE=+4.4mH 0.15s
  D: PT2 1e-03         P=  23 d= 23 ΔE=+25.3mH 0.13s
  E: Single-det        P=   1 d=  1 ΔE=+213.5mH 0.10s

============================================================
R=1.650 (1.5Re)
============================================================
    Building full H matrix (4900×4900)... 16.6s
    Total setup: 16.9s
  CAS(8,8) dim=4900, E_ref(FCI)=-45.2070282257
  A: CAS(4,4)          P=  36 d= 36 ΔE=+1093.9mH 0.15s
  B: CAS(6,6)          P= 400 d=400 ΔE=+295.0mH 2.39s
  C: EW 0.5Ha          P= 428 d=428 ΔE=+293.8mH 2.64s
  C: EW 1.0Ha          P= 965 d=965 ΔE=+286.5mH 13.52s
  C: EW 2.0Ha          P=2237 d=2196 ΔE=-14.4mH 56.53s
  D: PT2 1e-05         P=  79 d= 79 ΔE=+234.1mH 0.25s
  D: PT2 1e-04         P=  63 d= 63 ΔE=+419.5mH 0.20s
  D: PT2 1e-03         P=  60 d= 60 ΔE=+419.5mH 0.19s
  E: Single-det        P=   1 d=  1 ΔE=+1626.7mH 0.10s

============================================================
R=2.200 (2.0Re)
============================================================
    Building full H matrix (4900×4900)... 16.5s
    Total setup: 16.9s
  CAS(8,8) dim=4900, E_ref(FCI)=-42.1410820915
  A: CAS(4,4)          P=  36 d= 36 ΔE=+758.2mH 0.16s
  B: CAS(6,6)          P= 400 d=400 ΔE=+310.6mH 2.49s
  C: EW 0.5Ha          P=1036 d=1036 ΔE=+107.8mH 15.66s
  C: EW 1.0Ha          P=1879 d=1850 ΔE=-0.9mH 44.04s
  C: EW 2.0Ha          P=3881 d=1019 ΔE=-4.3mH 52.46s
  D: PT2 1e-05         P=  77 d= 77 ΔE=+255.6mH 0.24s
  D: PT2 1e-04         P=  62 d= 62 ΔE=+263.2mH 0.19s
  D: PT2 1e-03         P=  48 d= 48 ΔE=+278.3mH 0.16s
  E: Single-det        P=   1 d=  1 ΔE=+1815.9mH 0.10s

============================================================
R=2.750 (2.5Re)
============================================================
    Building full H matrix (4900×4900)... 16.6s
    Total setup: 16.9s
  CAS(8,8) dim=4900, E_ref(FCI)=-39.8808000305
  A: CAS(4,4)          P=  36 d= 36 ΔE=+443.4mH 0.16s
  B: CAS(6,6)          P= 400 d=400 ΔE=+190.5mH 2.38s
  C: EW 0.5Ha          P=1378 d=1378 ΔE=+15.4mH 27.93s
  C: EW 1.0Ha          P=2470 d=2286 ΔE=-0.8mH 60.66s
  C: EW 2.0Ha          P=4426 d=474 ΔE=-1.3mH 43.00s
  D: PT2 1e-05         P=  71 d= 71 ΔE=+322.9mH 0.23s
  D: PT2 1e-04         P=  59 d= 59 ΔE=+323.4mH 0.19s
  D: PT2 1e-03         P=  32 d= 32 ΔE=+328.4mH 0.15s
  E: Single-det        P=   1 d=  1 ΔE=+1522.3mH 0.10s

================================================================================
SUMMARY: ΔE vs P-size at m=0
================================================================================

  R=1.100 (Re):
  Strategy                      P    d     ΔE(mH)    t(s)
  ------------------------- ----- ---- ---------- -------
  A: CAS(4,4)                  36   36     +191.6    0.21
  B: CAS(6,6)                 400  400     +189.1    2.35
  C: EW 0.5Ha                   1    1     +213.5    0.10
  C: EW 1.0Ha                  17   17     +213.5    0.13
  C: EW 2.0Ha                  99   99     +189.4    0.30
  C: EW 5.0Ha                1543 1534       +0.8   26.36
  D: PT2 1e-05                 73   73       +3.9    0.26
  D: PT2 1e-04                 36   36       +4.4    0.15
  D: PT2 1e-03                 23   23      +25.3    0.13
  E: Single-det                 1    1     +213.5    0.10

  R=1.650 (1.5Re):
  Strategy                      P    d     ΔE(mH)    t(s)
  ------------------------- ----- ---- ---------- -------
  A: CAS(4,4)                  36   36    +1093.9    0.15
  B: CAS(6,6)                 400  400     +295.0    2.39
  C: EW 0.5Ha                 428  428     +293.8    2.64
  C: EW 1.0Ha                 965  965     +286.5   13.52
  C: EW 2.0Ha                2237 2196      -14.4   56.53
  D: PT2 1e-05                 79   79     +234.1    0.25
  D: PT2 1e-04                 63   63     +419.5    0.20
  D: PT2 1e-03                 60   60     +419.5    0.19
  E: Single-det                 1    1    +1626.7    0.10

  R=2.200 (2.0Re):
  Strategy                      P    d     ΔE(mH)    t(s)
  ------------------------- ----- ---- ---------- -------
  A: CAS(4,4)                  36   36     +758.2    0.16
  B: CAS(6,6)                 400  400     +310.6    2.49
  C: EW 0.5Ha                1036 1036     +107.8   15.66
  C: EW 1.0Ha                1879 1850       -0.9   44.04
  C: EW 2.0Ha                3881 1019       -4.3   52.46
  D: PT2 1e-05                 77   77     +255.6    0.24
  D: PT2 1e-04                 62   62     +263.2    0.19
  D: PT2 1e-03                 48   48     +278.3    0.16
  E: Single-det                 1    1    +1815.9    0.10

  R=2.750 (2.5Re):
  Strategy                      P    d     ΔE(mH)    t(s)
  ------------------------- ----- ---- ---------- -------
  A: CAS(4,4)                  36   36     +443.4    0.16
  B: CAS(6,6)                 400  400     +190.5    2.38
  C: EW 0.5Ha                1378 1378      +15.4   27.93
  C: EW 1.0Ha                2470 2286       -0.8   60.66
  C: EW 2.0Ha                4426  474       -1.3   43.00
  D: PT2 1e-05                 71   71     +322.9    0.23
  D: PT2 1e-04                 59   59     +323.4    0.19
  D: PT2 1e-03                 32   32     +328.4    0.15
  E: Single-det                 1    1    +1522.3    0.10

Done.

Job completed with exit code: 0 at Mon Jun 29 03:56:46 AM EDT 2026
