============================================
Phase 4b: N2/cc-pVDZ Full FCI PT2 P-selection
Date: Mon Jun 29 05:16:45 AM EDT 2026
Node: amd-cpu
============================================
================================================================================
Phase 4b: N₂/cc-pVDZ Full FCI Space — PT2 P-selection at m=0
================================================================================

============================================================
R=1.100 (Re)
============================================================
  n_orb=28, n_elec=14
  E_HF = -108.9537962409
  E_CASCI(8,8) = -50.3375787058  [reference]
  Setup: 0.2s
  PT2 candidates: 30724 (full FCI space)
  PT2 scoring: 1.0s

      P   Q-neigh   d(SVD)      ΔE(mH)   SCF     t(s)     σ₁/σ_last
  -----  --------  -------  ----------  ----  -------  ------------
    Q-neighborhood: 283037 unique dets (from P=10), 0.2s
    H_QP: 283037×10, 64416 nonzeros (3.3s)
    H_D': 283037 diag elements, 30.6s
     10    283037       10    -58937.9    15      0.3  4.14e-01/1.85e-01
    Q-neighborhood: 642757 unique dets (from P=25), 0.4s
    H_QP: 642757×25, 160179 nonzeros (8.4s)
    H_D': 642757 diag elements, 71.0s
     25    642757       25    -58933.0    10      4.2  4.04e-01/1.34e-01
    Q-neighborhood: 1185738 unique dets (from P=50), 0.8s
    H_QP: 1185738×50, 319252 nonzeros (17.1s)
